# JRE version: OpenJDK Runtime Environment (7.0_79-b14) (build 1.7.0_79-b14)
# Java VM: OpenJDK 64-Bit Server VM (24.79-b02 mixed mode linux-amd64 compressed oops)
Heap
 PSYoungGen      total 209408K, used 3032K [0x00000007d7500000, 0x00000007e9e00000, 0x0000000800000000)
  eden space 162816K, 0% used [0x00000007d7500000,0x00000007d7500000,0x00000007e1400000)
  from space 46592K, 6% used [0x00000007e5d00000,0x00000007e5ff6220,0x00000007e8a80000)
  to   space 70656K, 0% used [0x00000007e1400000,0x00000007e1400000,0x00000007e5900000)
 ParOldGen       total 164352K, used 163989K [0x0000000786000000, 0x0000000790080000, 0x00000007d7500000)
  object space 164352K, 99% used [0x0000000786000000,0x0000000790025548,0x0000000790080000)
 PSPermGen       total 41984K, used 20908K [0x000000077ba00000, 0x000000077e300000, 0x0000000786000000)
  object space 41984K, 49% used [0x000000077ba00000,0x000000077ce6b0d8,0x000000077e300000)
GC Heap History (10 events):
Event: 7.267 GC heap after
Heap after GC invocations=7 (full 0):
 PSYoungGen      total 72192K, used 8701K [0x00000007d7500000, 0x00000007e0700000, 0x0000000800000000)
  eden space 63488K, 0% used [0x00000007d7500000,0x00000007d7500000,0x00000007db300000)
  from space 8704K, 99% used [0x00000007db300000,0x00000007dbb7f5d8,0x00000007dbb80000)
  to   space 11264K, 0% used [0x00000007dfc00000,0x00000007dfc00000,0x00000007e0700000)
 ParOldGen       total 82944K, used 9530K [0x0000000786000000, 0x000000078b100000, 0x00000007d7500000)
  object space 82944K, 11% used [0x0000000786000000,0x000000078694ea48,0x000000078b100000)
 PSPermGen       total 21504K, used 19267K [0x000000077ba00000, 0x000000077cf00000, 0x0000000786000000)
  object space 21504K, 89% used [0x000000077ba00000,0x000000077ccd0c88,0x000000077cf00000)
}
Event: 7.985 GC heap before
{Heap before GC invocations=8 (full 0):
 PSYoungGen      total 72192K, used 72189K [0x00000007d7500000, 0x00000007e0700000, 0x0000000800000000)
  eden space 63488K, 100% used [0x00000007d7500000,0x00000007db300000,0x00000007db300000)
  from space 8704K, 99% used [0x00000007db300000,0x00000007dbb7f5d8,0x00000007dbb80000)
  to   space 11264K, 0% used [0x00000007dfc00000,0x00000007dfc00000,0x00000007e0700000)
 ParOldGen       total 82944K, used 9530K [0x0000000786000000, 0x000000078b100000, 0x00000007d7500000)
  object space 82944K, 11% used [0x0000000786000000,0x000000078694ea48,0x000000078b100000)
 PSPermGen       total 21504K, used 20398K [0x000000077ba00000, 0x000000077cf00000, 0x0000000786000000)
  object space 21504K, 94% used [0x000000077ba00000,0x000000077cdeba30,0x000000077cf00000)
Event: 8.001 GC heap after
Heap after GC invocations=8 (full 0):
 PSYoungGen      total 130560K, used 11234K [0x00000007d7500000, 0x00000007e1600000, 0x0000000800000000)
  eden space 119296K, 0% used [0x00000007d7500000,0x00000007d7500000,0x00000007de980000)
  from space 11264K, 99% used [0x00000007dfc00000,0x00000007e06f8948,0x00000007e0700000)
  to   space 18944K, 0% used [0x00000007de980000,0x00000007de980000,0x00000007dfc00000)
 ParOldGen       total 82944K, used 23510K [0x0000000786000000, 0x000000078b100000, 0x00000007d7500000)
  object space 82944K, 28% used [0x0000000786000000,0x00000007876f5b18,0x000000078b100000)
 PSPermGen       total 21504K, used 20398K [0x000000077ba00000, 0x000000077cf00000, 0x0000000786000000)
  object space 21504K, 94% used [0x000000077ba00000,0x000000077cdeba30,0x000000077cf00000)
}
Event: 8.577 GC heap before
{Heap before GC invocations=9 (full 0):
 PSYoungGen      total 130560K, used 130530K [0x00000007d7500000, 0x00000007e1600000, 0x0000000800000000)
  eden space 119296K, 100% used [0x00000007d7500000,0x00000007de980000,0x00000007de980000)
  from space 11264K, 99% used [0x00000007dfc00000,0x00000007e06f8948,0x00000007e0700000)
  to   space 18944K, 0% used [0x00000007de980000,0x00000007de980000,0x00000007dfc00000)
 ParOldGen       total 82944K, used 23510K [0x0000000786000000, 0x000000078b100000, 0x00000007d7500000)
  object space 82944K, 28% used [0x0000000786000000,0x00000007876f5b18,0x000000078b100000)
 PSPermGen       total 21504K, used 20918K [0x000000077ba00000, 0x000000077cf00000, 0x0000000786000000)
  object space 21504K, 97% used [0x000000077ba00000,0x000000077ce6d8d0,0x000000077cf00000)
Event: 8.622 GC heap after
Heap after GC invocations=9 (full 0):
 PSYoungGen      total 138240K, used 18939K [0x00000007d7500000, 0x00000007e8a80000, 0x0000000800000000)
  eden space 119296K, 0% used [0x00000007d7500000,0x00000007d7500000,0x00000007de980000)
  from space 18944K, 99% used [0x00000007de980000,0x00000007dfbfeea8,0x00000007dfc00000)
  to   space 46592K, 0% used [0x00000007e5d00000,0x00000007e5d00000,0x00000007e8a80000)
 ParOldGen       total 84992K, used 84693K [0x0000000786000000, 0x000000078b300000, 0x00000007d7500000)
  object space 84992K, 99% used [0x0000000786000000,0x000000078b2b5798,0x000000078b300000)
 PSPermGen       total 21504K, used 20918K [0x000000077ba00000, 0x000000077cf00000, 0x0000000786000000)
  object space 21504K, 97% used [0x000000077ba00000,0x000000077ce6d8d0,0x000000077cf00000)
}
Event: 8.622 GC heap before
{Heap before GC invocations=10 (full 1):
 PSYoungGen      total 138240K, used 18939K [0x00000007d7500000, 0x00000007e8a80000, 0x0000000800000000)
  eden space 119296K, 0% used [0x00000007d7500000,0x00000007d7500000,0x00000007de980000)
  from space 18944K, 99% used [0x00000007de980000,0x00000007dfbfeea8,0x00000007dfc00000)
  to   space 46592K, 0% used [0x00000007e5d00000,0x00000007e5d00000,0x00000007e8a80000)
 ParOldGen       total 84992K, used 84693K [0x0000000786000000, 0x000000078b300000, 0x00000007d7500000)
  object space 84992K, 99% used [0x0000000786000000,0x000000078b2b5798,0x000000078b300000)
 PSPermGen       total 21504K, used 20918K [0x000000077ba00000, 0x000000077cf00000, 0x0000000786000000)
  object space 21504K, 97% used [0x000000077ba00000,0x000000077ce6d8d0,0x000000077cf00000)
Event: 8.876 GC heap after
Heap after GC invocations=10 (full 1):
 PSYoungGen      total 138240K, used 12269K [0x00000007d7500000, 0x00000007e8a80000, 0x0000000800000000)
  eden space 119296K, 0% used [0x00000007d7500000,0x00000007d7500000,0x00000007de980000)
  from space 18944K, 64% used [0x00000007de980000,0x00000007df57b710,0x00000007dfc00000)
  to   space 46592K, 0% used [0x00000007e5d00000,0x00000007e5d00000,0x00000007e8a80000)
 ParOldGen       total 164352K, used 84025K [0x0000000786000000, 0x0000000790080000, 0x00000007d7500000)
  object space 164352K, 51% used [0x0000000786000000,0x000000078b20e768,0x0000000790080000)
 PSPermGen       total 41984K, used 20908K [0x000000077ba00000, 0x000000077e300000, 0x0000000786000000)
  object space 41984K, 49% used [0x000000077ba00000,0x000000077ce6b0d8,0x000000077e300000)
}
Event: 9.262 GC heap before
{Heap before GC invocations=11 (full 1):
 PSYoungGen      total 138240K, used 131565K [0x00000007d7500000, 0x00000007e8a80000, 0x0000000800000000)
  eden space 119296K, 100% used [0x00000007d7500000,0x00000007de980000,0x00000007de980000)
  from space 18944K, 64% used [0x00000007de980000,0x00000007df57b710,0x00000007dfc00000)
  to   space 46592K, 0% used [0x00000007e5d00000,0x00000007e5d00000,0x00000007e8a80000)
 ParOldGen       total 164352K, used 84025K [0x0000000786000000, 0x0000000790080000, 0x00000007d7500000)
  object space 164352K, 51% used [0x0000000786000000,0x000000078b20e768,0x0000000790080000)
 PSPermGen       total 41984K, used 20908K [0x000000077ba00000, 0x000000077e300000, 0x0000000786000000)
  object space 41984K, 49% used [0x000000077ba00000,0x000000077ce6b0d8,0x000000077e300000)
Event: 9.324 GC heap after
Heap after GC invocations=11 (full 1):
 PSYoungGen      total 209408K, used 46560K [0x00000007d7500000, 0x00000007e9e00000, 0x0000000800000000)
  eden space 162816K, 0% used [0x00000007d7500000,0x00000007d7500000,0x00000007e1400000)
  from space 46592K, 99% used [0x00000007e5d00000,0x00000007e8a78020,0x00000007e8a80000)
  to   space 70656K, 0% used [0x00000007e1400000,0x00000007e1400000,0x00000007e5900000)
 ParOldGen       total 164352K, used 128129K [0x0000000786000000, 0x0000000790080000, 0x00000007d7500000)
  object space 164352K, 77% used [0x0000000786000000,0x000000078dd20788,0x0000000790080000)
 PSPermGen       total 41984K, used 20908K [0x000000077ba00000, 0x000000077e300000, 0x0000000786000000)
  object space 41984K, 49% used [0x000000077ba00000,0x000000077ce6b0d8,0x000000077e300000)
}
Event: 9.324 GC heap before
{Heap before GC invocations=12 (full 2):
 PSYoungGen      total 209408K, used 46560K [0x00000007d7500000, 0x00000007e9e00000, 0x0000000800000000)
  eden space 162816K, 0% used [0x00000007d7500000,0x00000007d7500000,0x00000007e1400000)
  from space 46592K, 99% used [0x00000007e5d00000,0x00000007e8a78020,0x00000007e8a80000)
  to   space 70656K, 0% used [0x00000007e1400000,0x00000007e1400000,0x00000007e5900000)
 ParOldGen       total 164352K, used 128129K [0x0000000786000000, 0x0000000790080000, 0x00000007d7500000)
  object space 164352K, 77% used [0x0000000786000000,0x000000078dd20788,0x0000000790080000)
 PSPermGen       total 41984K, used 20908K [0x000000077ba00000, 0x000000077e300000, 0x0000000786000000)
  object space 41984K, 49% used [0x000000077ba00000,0x000000077ce6b0d8,0x000000077e300000)

