# JRE version: OpenJDK Runtime Environment (7.0_79-b14) (build 1.7.0_79-b14)
# Java VM: OpenJDK 64-Bit Server VM (24.79-b02 mixed mode linux-amd64 compressed oops)
Heap
 PSYoungGen      total 226304K, used 0K [0x00000007d7500000, 0x00000007eb400000, 0x0000000800000000)
  eden space 187904K, 0% used [0x00000007d7500000,0x00000007d7500000,0x00000007e2c80000)
  from space 38400K, 0% used [0x00000007e8e80000,0x00000007e8e80000,0x00000007eb400000)
  to   space 65024K, 0% used [0x00000007e3500000,0x00000007e3500000,0x00000007e7480000)
 ParOldGen       total 142848K, used 138909K [0x0000000786000000, 0x000000078eb80000, 0x00000007d7500000)
  object space 142848K, 97% used [0x0000000786000000,0x000000078e7a74c0,0x000000078eb80000)
 PSPermGen       total 41984K, used 20908K [0x000000077ba00000, 0x000000077e300000, 0x0000000786000000)
  object space 41984K, 49% used [0x000000077ba00000,0x000000077ce6b1e0,0x000000077e300000)
GC Heap History (10 events):
Event: 3.468 GC heap after
Heap after GC invocations=5 (full 0):
 PSYoungGen      total 68608K, used 5101K [0x00000007d7500000, 0x00000007e0400000, 0x0000000800000000)
  eden space 63488K, 0% used [0x00000007d7500000,0x00000007d7500000,0x00000007db300000)
  from space 5120K, 99% used [0x00000007db300000,0x00000007db7fb5f8,0x00000007db800000)
  to   space 9728K, 0% used [0x00000007dfa80000,0x00000007dfa80000,0x00000007e0400000)
 ParOldGen       total 82944K, used 6637K [0x0000000786000000, 0x000000078b100000, 0x00000007d7500000)
  object space 82944K, 8% used [0x0000000786000000,0x000000078667b510,0x000000078b100000)
 PSPermGen       total 21504K, used 18998K [0x000000077ba00000, 0x000000077cf00000, 0x0000000786000000)
  object space 21504K, 88% used [0x000000077ba00000,0x000000077cc8d838,0x000000077cf00000)
}
Event: 4.136 GC heap before
{Heap before GC invocations=6 (full 0):
 PSYoungGen      total 68608K, used 68589K [0x00000007d7500000, 0x00000007e0400000, 0x0000000800000000)
  eden space 63488K, 100% used [0x00000007d7500000,0x00000007db300000,0x00000007db300000)
  from space 5120K, 99% used [0x00000007db300000,0x00000007db7fb5f8,0x00000007db800000)
  to   space 9728K, 0% used [0x00000007dfa80000,0x00000007dfa80000,0x00000007e0400000)
 ParOldGen       total 82944K, used 6637K [0x0000000786000000, 0x000000078b100000, 0x00000007d7500000)
  object space 82944K, 8% used [0x0000000786000000,0x000000078667b510,0x000000078b100000)
 PSPermGen       total 21504K, used 19265K [0x000000077ba00000, 0x000000077cf00000, 0x0000000786000000)
  object space 21504K, 89% used [0x000000077ba00000,0x000000077ccd0750,0x000000077cf00000)
Event: 4.150 GC heap after
Heap after GC invocations=6 (full 0):
 PSYoungGen      total 134656K, used 9725K [0x00000007d7500000, 0x00000007e0800000, 0x0000000800000000)
  eden space 124928K, 0% used [0x00000007d7500000,0x00000007d7500000,0x00000007def00000)
  from space 9728K, 99% used [0x00000007dfa80000,0x00000007e03ff5d8,0x00000007e0400000)
  to   space 11776K, 0% used [0x00000007def00000,0x00000007def00000,0x00000007dfa80000)
 ParOldGen       total 82944K, used 8075K [0x0000000786000000, 0x000000078b100000, 0x00000007d7500000)
  object space 82944K, 9% used [0x0000000786000000,0x00000007867e2eb8,0x000000078b100000)
 PSPermGen       total 21504K, used 19265K [0x000000077ba00000, 0x000000077cf00000, 0x0000000786000000)
  object space 21504K, 89% used [0x000000077ba00000,0x000000077ccd0750,0x000000077cf00000)
}
Event: 5.503 GC heap before
{Heap before GC invocations=7 (full 0):
 PSYoungGen      total 134656K, used 134653K [0x00000007d7500000, 0x00000007e0800000, 0x0000000800000000)
  eden space 124928K, 100% used [0x00000007d7500000,0x00000007def00000,0x00000007def00000)
  from space 9728K, 99% used [0x00000007dfa80000,0x00000007e03ff5d8,0x00000007e0400000)
  to   space 11776K, 0% used [0x00000007def00000,0x00000007def00000,0x00000007dfa80000)
 ParOldGen       total 82944K, used 8075K [0x0000000786000000, 0x000000078b100000, 0x00000007d7500000)
  object space 82944K, 9% used [0x0000000786000000,0x00000007867e2eb8,0x000000078b100000)
 PSPermGen       total 21504K, used 20912K [0x000000077ba00000, 0x000000077cf00000, 0x0000000786000000)
  object space 21504K, 97% used [0x000000077ba00000,0x000000077ce6c1e0,0x000000077cf00000)
Event: 5.550 GC heap after
Heap after GC invocations=7 (full 0):
 PSYoungGen      total 136704K, used 11769K [0x00000007d7500000, 0x00000007eb400000, 0x0000000800000000)
  eden space 124928K, 0% used [0x00000007d7500000,0x00000007d7500000,0x00000007def00000)
  from space 11776K, 99% used [0x00000007def00000,0x00000007dfa7e460,0x00000007dfa80000)
  to   space 38400K, 0% used [0x00000007e8e80000,0x00000007e8e80000,0x00000007eb400000)
 ParOldGen       total 82944K, used 57167K [0x0000000786000000, 0x000000078b100000, 0x00000007d7500000)
  object space 82944K, 68% used [0x0000000786000000,0x00000007897d3d18,0x000000078b100000)
 PSPermGen       total 21504K, used 20912K [0x000000077ba00000, 0x000000077cf00000, 0x0000000786000000)
  object space 21504K, 97% used [0x000000077ba00000,0x000000077ce6c1e0,0x000000077cf00000)
}
Event: 5.550 GC heap before
{Heap before GC invocations=8 (full 1):
 PSYoungGen      total 136704K, used 11769K [0x00000007d7500000, 0x00000007eb400000, 0x0000000800000000)
  eden space 124928K, 0% used [0x00000007d7500000,0x00000007d7500000,0x00000007def00000)
  from space 11776K, 99% used [0x00000007def00000,0x00000007dfa7e460,0x00000007dfa80000)
  to   space 38400K, 0% used [0x00000007e8e80000,0x00000007e8e80000,0x00000007eb400000)
 ParOldGen       total 82944K, used 57167K [0x0000000786000000, 0x000000078b100000, 0x00000007d7500000)
  object space 82944K, 68% used [0x0000000786000000,0x00000007897d3d18,0x000000078b100000)
 PSPermGen       total 21504K, used 20912K [0x000000077ba00000, 0x000000077cf00000, 0x0000000786000000)
  object space 21504K, 97% used [0x000000077ba00000,0x000000077ce6c1e0,0x000000077cf00000)
Event: 5.752 GC heap after
Heap after GC invocations=8 (full 1):
 PSYoungGen      total 136704K, used 0K [0x00000007d7500000, 0x00000007eb400000, 0x0000000800000000)
  eden space 124928K, 0% used [0x00000007d7500000,0x00000007d7500000,0x00000007def00000)
  from space 11776K, 0% used [0x00000007def00000,0x00000007def00000,0x00000007dfa80000)
  to   space 38400K, 0% used [0x00000007e8e80000,0x00000007e8e80000,0x00000007eb400000)
 ParOldGen       total 142848K, used 63857K [0x0000000786000000, 0x000000078eb80000, 0x00000007d7500000)
  object space 142848K, 44% used [0x0000000786000000,0x0000000789e5c6a0,0x000000078eb80000)
 PSPermGen       total 41984K, used 20902K [0x000000077ba00000, 0x000000077e300000, 0x0000000786000000)
  object space 41984K, 49% used [0x000000077ba00000,0x000000077ce69ae8,0x000000077e300000)
}
Event: 6.283 GC heap before
{Heap before GC invocations=9 (full 1):
 PSYoungGen      total 136704K, used 124928K [0x00000007d7500000, 0x00000007eb400000, 0x0000000800000000)
  eden space 124928K, 100% used [0x00000007d7500000,0x00000007def00000,0x00000007def00000)
  from space 11776K, 0% used [0x00000007def00000,0x00000007def00000,0x00000007dfa80000)
  to   space 38400K, 0% used [0x00000007e8e80000,0x00000007e8e80000,0x00000007eb400000)
 ParOldGen       total 142848K, used 63857K [0x0000000786000000, 0x000000078eb80000, 0x00000007d7500000)
  object space 142848K, 44% used [0x0000000786000000,0x0000000789e5c6a0,0x000000078eb80000)
 PSPermGen       total 41984K, used 20908K [0x000000077ba00000, 0x000000077e300000, 0x0000000786000000)
  object space 41984K, 49% used [0x000000077ba00000,0x000000077ce6b1e0,0x000000077e300000)
Event: 6.347 GC heap after
Heap after GC invocations=9 (full 1):
 PSYoungGen      total 226304K, used 38368K [0x00000007d7500000, 0x00000007eb400000, 0x0000000800000000)
  eden space 187904K, 0% used [0x00000007d7500000,0x00000007d7500000,0x00000007e2c80000)
  from space 38400K, 99% used [0x00000007e8e80000,0x00000007eb3f8030,0x00000007eb400000)
  to   space 65024K, 0% used [0x00000007e3500000,0x00000007e3500000,0x00000007e7480000)
 ParOldGen       total 142848K, used 108209K [0x0000000786000000, 0x000000078eb80000, 0x00000007d7500000)
  object space 142848K, 75% used [0x0000000786000000,0x000000078c9ac6a0,0x000000078eb80000)
 PSPermGen       total 41984K, used 20908K [0x000000077ba00000, 0x000000077e300000, 0x0000000786000000)
  object space 41984K, 49% used [0x000000077ba00000,0x000000077ce6b1e0,0x000000077e300000)
}
Event: 6.347 GC heap before
{Heap before GC invocations=10 (full 2):
 PSYoungGen      total 226304K, used 38368K [0x00000007d7500000, 0x00000007eb400000, 0x0000000800000000)
  eden space 187904K, 0% used [0x00000007d7500000,0x00000007d7500000,0x00000007e2c80000)
  from space 38400K, 99% used [0x00000007e8e80000,0x00000007eb3f8030,0x00000007eb400000)
  to   space 65024K, 0% used [0x00000007e3500000,0x00000007e3500000,0x00000007e7480000)
 ParOldGen       total 142848K, used 108209K [0x0000000786000000, 0x000000078eb80000, 0x00000007d7500000)
  object space 142848K, 75% used [0x0000000786000000,0x000000078c9ac6a0,0x000000078eb80000)
 PSPermGen       total 41984K, used 20908K [0x000000077ba00000, 0x000000077e300000, 0x0000000786000000)
  object space 41984K, 49% used [0x000000077ba00000,0x000000077ce6b1e0,0x000000077e300000)

