# JRE version: OpenJDK Runtime Environment (7.0_79-b14) (build 1.7.0_79-b14)
# Java VM: OpenJDK 64-Bit Server VM (24.79-b02 mixed mode linux-amd64 compressed oops)
Heap
 PSYoungGen      total 73216K, used 16893K [0x00000007d7500000, 0x00000007dd400000, 0x0000000800000000)
  eden space 56320K, 0% used [0x00000007d7500000,0x00000007d7500000,0x00000007dac00000)
  from space 16896K, 99% used [0x00000007dac00000,0x00000007dbc7f5c8,0x00000007dbc80000)
  to   space 9728K, 0% used [0x00000007dbc80000,0x00000007dbc80000,0x00000007dc600000)
 ParOldGen       total 82944K, used 50051K [0x0000000786000000, 0x000000078b100000, 0x00000007d7500000)
  object space 82944K, 60% used [0x0000000786000000,0x00000007890e0e40,0x000000078b100000)
 PSPermGen       total 21504K, used 20065K [0x000000077ba00000, 0x000000077cf00000, 0x0000000786000000)
  object space 21504K, 93% used [0x000000077ba00000,0x000000077cd984d8,0x000000077cf00000)
GC Heap History (10 events):
Event: 4.799 GC heap after
Heap after GC invocations=2 (full 0):
 PSYoungGen      total 36864K, used 5099K [0x00000007d7500000, 0x00000007d9e00000, 0x0000000800000000)
  eden space 31744K, 0% used [0x00000007d7500000,0x00000007d7500000,0x00000007d9400000)
  from space 5120K, 99% used [0x00000007d9900000,0x00000007d9dfae68,0x00000007d9e00000)
  to   space 5120K, 0% used [0x00000007d9400000,0x00000007d9400000,0x00000007d9900000)
 ParOldGen       total 82944K, used 16K [0x0000000786000000, 0x000000078b100000, 0x00000007d7500000)
  object space 82944K, 0% used [0x0000000786000000,0x0000000786004000,0x000000078b100000)
 PSPermGen       total 21504K, used 12589K [0x000000077ba00000, 0x000000077cf00000, 0x0000000786000000)
  object space 21504K, 58% used [0x000000077ba00000,0x000000077c64b608,0x000000077cf00000)
}
Event: 5.988 GC heap before
{Heap before GC invocations=3 (full 0):
 PSYoungGen      total 36864K, used 36843K [0x00000007d7500000, 0x00000007d9e00000, 0x0000000800000000)
  eden space 31744K, 100% used [0x00000007d7500000,0x00000007d9400000,0x00000007d9400000)
  from space 5120K, 99% used [0x00000007d9900000,0x00000007d9dfae68,0x00000007d9e00000)
  to   space 5120K, 0% used [0x00000007d9400000,0x00000007d9400000,0x00000007d9900000)
 ParOldGen       total 82944K, used 16K [0x0000000786000000, 0x000000078b100000, 0x00000007d7500000)
  object space 82944K, 0% used [0x0000000786000000,0x0000000786004000,0x000000078b100000)
 PSPermGen       total 21504K, used 16236K [0x000000077ba00000, 0x000000077cf00000, 0x0000000786000000)
  object space 21504K, 75% used [0x000000077ba00000,0x000000077c9db280,0x000000077cf00000)
Event: 5.994 GC heap after
Heap after GC invocations=3 (full 0):
 PSYoungGen      total 36864K, used 5088K [0x00000007d7500000, 0x00000007d9e00000, 0x0000000800000000)
  eden space 31744K, 0% used [0x00000007d7500000,0x00000007d7500000,0x00000007d9400000)
  from space 5120K, 99% used [0x00000007d9400000,0x00000007d98f8370,0x00000007d9900000)
  to   space 5120K, 0% used [0x00000007d9900000,0x00000007d9900000,0x00000007d9e00000)
 ParOldGen       total 82944K, used 2331K [0x0000000786000000, 0x000000078b100000, 0x00000007d7500000)
  object space 82944K, 2% used [0x0000000786000000,0x0000000786246e80,0x000000078b100000)
 PSPermGen       total 21504K, used 16236K [0x000000077ba00000, 0x000000077cf00000, 0x0000000786000000)
  object space 21504K, 75% used [0x000000077ba00000,0x000000077c9db280,0x000000077cf00000)
}
Event: 6.472 GC heap before
{Heap before GC invocations=4 (full 0):
 PSYoungGen      total 36864K, used 36832K [0x00000007d7500000, 0x00000007d9e00000, 0x0000000800000000)
  eden space 31744K, 100% used [0x00000007d7500000,0x00000007d9400000,0x00000007d9400000)
  from space 5120K, 99% used [0x00000007d9400000,0x00000007d98f8370,0x00000007d9900000)
  to   space 5120K, 0% used [0x00000007d9900000,0x00000007d9900000,0x00000007d9e00000)
 ParOldGen       total 82944K, used 2331K [0x0000000786000000, 0x000000078b100000, 0x00000007d7500000)
  object space 82944K, 2% used [0x0000000786000000,0x0000000786246e80,0x000000078b100000)
 PSPermGen       total 21504K, used 20028K [0x000000077ba00000, 0x000000077cf00000, 0x0000000786000000)
  object space 21504K, 93% used [0x000000077ba00000,0x000000077cd8f178,0x000000077cf00000)
Event: 6.483 GC heap after
Heap after GC invocations=4 (full 0):
 PSYoungGen      total 36864K, used 5117K [0x00000007d7500000, 0x00000007d9e00000, 0x0000000800000000)
  eden space 31744K, 0% used [0x00000007d7500000,0x00000007d7500000,0x00000007d9400000)
  from space 5120K, 99% used [0x00000007d9900000,0x00000007d9dff5f8,0x00000007d9e00000)
  to   space 5120K, 0% used [0x00000007d9400000,0x00000007d9400000,0x00000007d9900000)
 ParOldGen       total 82944K, used 6649K [0x0000000786000000, 0x000000078b100000, 0x00000007d7500000)
  object space 82944K, 8% used [0x0000000786000000,0x000000078667e718,0x000000078b100000)
 PSPermGen       total 21504K, used 20028K [0x000000077ba00000, 0x000000077cf00000, 0x0000000786000000)
  object space 21504K, 93% used [0x000000077ba00000,0x000000077cd8f178,0x000000077cf00000)
}
Event: 6.587 GC heap before
{Heap before GC invocations=5 (full 0):
 PSYoungGen      total 36864K, used 36861K [0x00000007d7500000, 0x00000007d9e00000, 0x0000000800000000)
  eden space 31744K, 100% used [0x00000007d7500000,0x00000007d9400000,0x00000007d9400000)
  from space 5120K, 99% used [0x00000007d9900000,0x00000007d9dff5f8,0x00000007d9e00000)
  to   space 5120K, 0% used [0x00000007d9400000,0x00000007d9400000,0x00000007d9900000)
 ParOldGen       total 82944K, used 6649K [0x0000000786000000, 0x000000078b100000, 0x00000007d7500000)
  object space 82944K, 8% used [0x0000000786000000,0x000000078667e718,0x000000078b100000)
 PSPermGen       total 21504K, used 20031K [0x000000077ba00000, 0x000000077cf00000, 0x0000000786000000)
  object space 21504K, 93% used [0x000000077ba00000,0x000000077cd8fec8,0x000000077cf00000)
Event: 6.595 GC heap after
Heap after GC invocations=5 (full 0):
 PSYoungGen      total 36864K, used 5112K [0x00000007d7500000, 0x00000007dc600000, 0x0000000800000000)
  eden space 31744K, 0% used [0x00000007d7500000,0x00000007d7500000,0x00000007d9400000)
  from space 5120K, 99% used [0x00000007d9400000,0x00000007d98fe3f0,0x00000007d9900000)
  to   space 9728K, 0% used [0x00000007dbc80000,0x00000007dbc80000,0x00000007dc600000)
 ParOldGen       total 82944K, used 8465K [0x0000000786000000, 0x000000078b100000, 0x00000007d7500000)
  object space 82944K, 10% used [0x0000000786000000,0x0000000786844748,0x000000078b100000)
 PSPermGen       total 21504K, used 20031K [0x000000077ba00000, 0x000000077cf00000, 0x0000000786000000)
  object space 21504K, 93% used [0x000000077ba00000,0x000000077cd8fec8,0x000000077cf00000)
}
Event: 6.671 GC heap before
{Heap before GC invocations=6 (full 0):
 PSYoungGen      total 36864K, used 36856K [0x00000007d7500000, 0x00000007dc600000, 0x0000000800000000)
  eden space 31744K, 100% used [0x00000007d7500000,0x00000007d9400000,0x00000007d9400000)
  from space 5120K, 99% used [0x00000007d9400000,0x00000007d98fe3f0,0x00000007d9900000)
  to   space 9728K, 0% used [0x00000007dbc80000,0x00000007dbc80000,0x00000007dc600000)
 ParOldGen       total 82944K, used 8465K [0x0000000786000000, 0x000000078b100000, 0x00000007d7500000)
  object space 82944K, 10% used [0x0000000786000000,0x0000000786844748,0x000000078b100000)
 PSPermGen       total 21504K, used 20046K [0x000000077ba00000, 0x000000077cf00000, 0x0000000786000000)
  object space 21504K, 93% used [0x000000077ba00000,0x000000077cd939b8,0x000000077cf00000)
Event: 6.689 GC heap after
Heap after GC invocations=6 (full 0):
 PSYoungGen      total 66048K, used 9710K [0x00000007d7500000, 0x00000007dd400000, 0x0000000800000000)
  eden space 56320K, 0% used [0x00000007d7500000,0x00000007d7500000,0x00000007dac00000)
  from space 9728K, 99% used [0x00000007dbc80000,0x00000007dc5fb958,0x00000007dc600000)
  to   space 16896K, 0% used [0x00000007dac00000,0x00000007dac00000,0x00000007dbc80000)
 ParOldGen       total 82944K, used 18841K [0x0000000786000000, 0x000000078b100000, 0x00000007d7500000)
  object space 82944K, 22% used [0x0000000786000000,0x0000000787266590,0x000000078b100000)
 PSPermGen       total 21504K, used 20046K [0x000000077ba00000, 0x000000077cf00000, 0x0000000786000000)
  object space 21504K, 93% used [0x000000077ba00000,0x000000077cd939b8,0x000000077cf00000)
}
Event: 6.813 GC heap before
{Heap before GC invocations=7 (full 0):
 PSYoungGen      total 66048K, used 66030K [0x00000007d7500000, 0x00000007dd400000, 0x0000000800000000)
  eden space 56320K, 100% used [0x00000007d7500000,0x00000007dac00000,0x00000007dac00000)
  from space 9728K, 99% used [0x00000007dbc80000,0x00000007dc5fb958,0x00000007dc600000)
  to   space 16896K, 0% used [0x00000007dac00000,0x00000007dac00000,0x00000007dbc80000)
 ParOldGen       total 82944K, used 18841K [0x0000000786000000, 0x000000078b100000, 0x00000007d7500000)
  object space 82944K, 22% used [0x0000000786000000,0x0000000787266590,0x000000078b100000)
 PSPermGen       total 21504K, used 20065K [0x000000077ba00000, 0x000000077cf00000, 0x0000000786000000)
  object space 21504K, 93% used [0x000000077ba00000,0x000000077cd984d8,0x000000077cf00000)

