# JRE version: OpenJDK Runtime Environment (7.0_79-b14) (build 1.7.0_79-b14)
# Java VM: OpenJDK 64-Bit Server VM (24.79-b02 mixed mode linux-amd64 compressed oops)
Heap
 PSYoungGen      total 213504K, used 0K [0x00000007d7500000, 0x00000007eb400000, 0x0000000800000000)
  eden space 175104K, 0% used [0x00000007d7500000,0x00000007d7500000,0x00000007e2000000)
  from space 38400K, 0% used [0x00000007e8e80000,0x00000007e8e80000,0x00000007eb400000)
  to   space 65024K, 0% used [0x00000007e3500000,0x00000007e3500000,0x00000007e7480000)
 ParOldGen       total 143360K, used 138212K [0x0000000786000000, 0x000000078ec00000, 0x00000007d7500000)
  object space 143360K, 96% used [0x0000000786000000,0x000000078e6f9020,0x000000078ec00000)
 PSPermGen       total 41984K, used 20908K [0x000000077ba00000, 0x000000077e300000, 0x0000000786000000)
  object space 41984K, 49% used [0x000000077ba00000,0x000000077ce6b1f0,0x000000077e300000)
GC Heap History (10 events):
Event: 2.687 GC heap after
Heap after GC invocations=5 (full 0):
 PSYoungGen      total 68608K, used 5115K [0x00000007d7500000, 0x00000007e0400000, 0x0000000800000000)
  eden space 63488K, 0% used [0x00000007d7500000,0x00000007d7500000,0x00000007db300000)
  from space 5120K, 99% used [0x00000007db300000,0x00000007db7feec8,0x00000007db800000)
  to   space 9728K, 0% used [0x00000007dfa80000,0x00000007dfa80000,0x00000007e0400000)
 ParOldGen       total 82944K, used 6417K [0x0000000786000000, 0x000000078b100000, 0x00000007d7500000)
  object space 82944K, 7% used [0x0000000786000000,0x0000000786644790,0x000000078b100000)
 PSPermGen       total 21504K, used 18989K [0x000000077ba00000, 0x000000077cf00000, 0x0000000786000000)
  object space 21504K, 88% used [0x000000077ba00000,0x000000077cc8b728,0x000000077cf00000)
}
Event: 3.319 GC heap before
{Heap before GC invocations=6 (full 0):
 PSYoungGen      total 68608K, used 68603K [0x00000007d7500000, 0x00000007e0400000, 0x0000000800000000)
  eden space 63488K, 100% used [0x00000007d7500000,0x00000007db300000,0x00000007db300000)
  from space 5120K, 99% used [0x00000007db300000,0x00000007db7feec8,0x00000007db800000)
  to   space 9728K, 0% used [0x00000007dfa80000,0x00000007dfa80000,0x00000007e0400000)
 ParOldGen       total 82944K, used 6417K [0x0000000786000000, 0x000000078b100000, 0x00000007d7500000)
  object space 82944K, 7% used [0x0000000786000000,0x0000000786644790,0x000000078b100000)
 PSPermGen       total 21504K, used 19265K [0x000000077ba00000, 0x000000077cf00000, 0x0000000786000000)
  object space 21504K, 89% used [0x000000077ba00000,0x000000077ccd0798,0x000000077cf00000)
Event: 3.332 GC heap after
Heap after GC invocations=6 (full 0):
 PSYoungGen      total 134656K, used 9720K [0x00000007d7500000, 0x00000007e0800000, 0x0000000800000000)
  eden space 124928K, 0% used [0x00000007d7500000,0x00000007d7500000,0x00000007def00000)
  from space 9728K, 99% used [0x00000007dfa80000,0x00000007e03fe0f0,0x00000007e0400000)
  to   space 11776K, 0% used [0x00000007def00000,0x00000007def00000,0x00000007dfa80000)
 ParOldGen       total 82944K, used 8036K [0x0000000786000000, 0x000000078b100000, 0x00000007d7500000)
  object space 82944K, 9% used [0x0000000786000000,0x00000007867d9308,0x000000078b100000)
 PSPermGen       total 21504K, used 19265K [0x000000077ba00000, 0x000000077cf00000, 0x0000000786000000)
  object space 21504K, 89% used [0x000000077ba00000,0x000000077ccd0798,0x000000077cf00000)
}
Event: 4.593 GC heap before
{Heap before GC invocations=7 (full 0):
 PSYoungGen      total 134656K, used 134648K [0x00000007d7500000, 0x00000007e0800000, 0x0000000800000000)
  eden space 124928K, 100% used [0x00000007d7500000,0x00000007def00000,0x00000007def00000)
  from space 9728K, 99% used [0x00000007dfa80000,0x00000007e03fe0f0,0x00000007e0400000)
  to   space 11776K, 0% used [0x00000007def00000,0x00000007def00000,0x00000007dfa80000)
 ParOldGen       total 82944K, used 8036K [0x0000000786000000, 0x000000078b100000, 0x00000007d7500000)
  object space 82944K, 9% used [0x0000000786000000,0x00000007867d9308,0x000000078b100000)
 PSPermGen       total 21504K, used 20916K [0x000000077ba00000, 0x000000077cf00000, 0x0000000786000000)
  object space 21504K, 97% used [0x000000077ba00000,0x000000077ce6d138,0x000000077cf00000)
Event: 4.638 GC heap after
Heap after GC invocations=7 (full 0):
 PSYoungGen      total 136704K, used 11760K [0x00000007d7500000, 0x00000007eb400000, 0x0000000800000000)
  eden space 124928K, 0% used [0x00000007d7500000,0x00000007d7500000,0x00000007def00000)
  from space 11776K, 99% used [0x00000007def00000,0x00000007dfa7c000,0x00000007dfa80000)
  to   space 38400K, 0% used [0x00000007e8e80000,0x00000007e8e80000,0x00000007eb400000)
 ParOldGen       total 82944K, used 57031K [0x0000000786000000, 0x000000078b100000, 0x00000007d7500000)
  object space 82944K, 68% used [0x0000000786000000,0x00000007897b1d78,0x000000078b100000)
 PSPermGen       total 21504K, used 20916K [0x000000077ba00000, 0x000000077cf00000, 0x0000000786000000)
  object space 21504K, 97% used [0x000000077ba00000,0x000000077ce6d138,0x000000077cf00000)
}
Event: 4.638 GC heap before
{Heap before GC invocations=8 (full 1):
 PSYoungGen      total 136704K, used 11760K [0x00000007d7500000, 0x00000007eb400000, 0x0000000800000000)
  eden space 124928K, 0% used [0x00000007d7500000,0x00000007d7500000,0x00000007def00000)
  from space 11776K, 99% used [0x00000007def00000,0x00000007dfa7c000,0x00000007dfa80000)
  to   space 38400K, 0% used [0x00000007e8e80000,0x00000007e8e80000,0x00000007eb400000)
 ParOldGen       total 82944K, used 57031K [0x0000000786000000, 0x000000078b100000, 0x00000007d7500000)
  object space 82944K, 68% used [0x0000000786000000,0x00000007897b1d78,0x000000078b100000)
 PSPermGen       total 21504K, used 20916K [0x000000077ba00000, 0x000000077cf00000, 0x0000000786000000)
  object space 21504K, 97% used [0x000000077ba00000,0x000000077ce6d138,0x000000077cf00000)
Event: 4.840 GC heap after
Heap after GC invocations=8 (full 1):
 PSYoungGen      total 136704K, used 0K [0x00000007d7500000, 0x00000007eb400000, 0x0000000800000000)
  eden space 124928K, 0% used [0x00000007d7500000,0x00000007d7500000,0x00000007def00000)
  from space 11776K, 0% used [0x00000007def00000,0x00000007def00000,0x00000007dfa80000)
  to   space 38400K, 0% used [0x00000007e8e80000,0x00000007e8e80000,0x00000007eb400000)
 ParOldGen       total 143360K, used 63625K [0x0000000786000000, 0x000000078ec00000, 0x00000007d7500000)
  object space 143360K, 44% used [0x0000000786000000,0x0000000789e22470,0x000000078ec00000)
 PSPermGen       total 41984K, used 20906K [0x000000077ba00000, 0x000000077e300000, 0x0000000786000000)
  object space 41984K, 49% used [0x000000077ba00000,0x000000077ce6a980,0x000000077e300000)
}
Event: 5.839 GC heap before
{Heap before GC invocations=9 (full 1):
 PSYoungGen      total 136704K, used 124928K [0x00000007d7500000, 0x00000007eb400000, 0x0000000800000000)
  eden space 124928K, 100% used [0x00000007d7500000,0x00000007def00000,0x00000007def00000)
  from space 11776K, 0% used [0x00000007def00000,0x00000007def00000,0x00000007dfa80000)
  to   space 38400K, 0% used [0x00000007e8e80000,0x00000007e8e80000,0x00000007eb400000)
 ParOldGen       total 143360K, used 63625K [0x0000000786000000, 0x000000078ec00000, 0x00000007d7500000)
  object space 143360K, 44% used [0x0000000786000000,0x0000000789e22470,0x000000078ec00000)
 PSPermGen       total 41984K, used 20908K [0x000000077ba00000, 0x000000077e300000, 0x0000000786000000)
  object space 41984K, 49% used [0x000000077ba00000,0x000000077ce6b1f0,0x000000077e300000)
Event: 5.887 GC heap after
Heap after GC invocations=9 (full 1):
 PSYoungGen      total 213504K, used 38368K [0x00000007d7500000, 0x00000007eb400000, 0x0000000800000000)
  eden space 175104K, 0% used [0x00000007d7500000,0x00000007d7500000,0x00000007e2000000)
  from space 38400K, 99% used [0x00000007e8e80000,0x00000007eb3f8030,0x00000007eb400000)
  to   space 65024K, 0% used [0x00000007e3500000,0x00000007e3500000,0x00000007e7480000)
 ParOldGen       total 143360K, used 107969K [0x0000000786000000, 0x000000078ec00000, 0x00000007d7500000)
  object space 143360K, 75% used [0x0000000786000000,0x000000078c970470,0x000000078ec00000)
 PSPermGen       total 41984K, used 20908K [0x000000077ba00000, 0x000000077e300000, 0x0000000786000000)
  object space 41984K, 49% used [0x000000077ba00000,0x000000077ce6b1f0,0x000000077e300000)
}
Event: 5.887 GC heap before
{Heap before GC invocations=10 (full 2):
 PSYoungGen      total 213504K, used 38368K [0x00000007d7500000, 0x00000007eb400000, 0x0000000800000000)
  eden space 175104K, 0% used [0x00000007d7500000,0x00000007d7500000,0x00000007e2000000)
  from space 38400K, 99% used [0x00000007e8e80000,0x00000007eb3f8030,0x00000007eb400000)
  to   space 65024K, 0% used [0x00000007e3500000,0x00000007e3500000,0x00000007e7480000)
 ParOldGen       total 143360K, used 107969K [0x0000000786000000, 0x000000078ec00000, 0x00000007d7500000)
  object space 143360K, 75% used [0x0000000786000000,0x000000078c970470,0x000000078ec00000)
 PSPermGen       total 41984K, used 20908K [0x000000077ba00000, 0x000000077e300000, 0x0000000786000000)
  object space 41984K, 49% used [0x000000077ba00000,0x000000077ce6b1f0,0x000000077e300000)

