# JRE version: OpenJDK Runtime Environment (7.0_79-b14) (build 1.7.0_79-b14)
# Java VM: OpenJDK 64-Bit Server VM (24.79-b02 mixed mode linux-amd64 compressed oops)
Heap
 PSYoungGen      total 149504K, used 33143K [0x00000007d7500000, 0x00000007e3300000, 0x0000000800000000)
  eden space 109056K, 0% used [0x00000007d7500000,0x00000007d7500000,0x00000007ddf80000)
  from space 40448K, 81% used [0x00000007ddf80000,0x00000007dffddf28,0x00000007e0700000)
  to   space 35840K, 0% used [0x00000007e0700000,0x00000007e0700000,0x00000007e2a00000)
 ParOldGen       total 82944K, used 53587K [0x0000000786000000, 0x000000078b100000, 0x00000007d7500000)
  object space 82944K, 64% used [0x0000000786000000,0x0000000789454d88,0x000000078b100000)
 PSPermGen       total 21504K, used 21043K [0x000000077ba00000, 0x000000077cf00000, 0x0000000786000000)
  object space 21504K, 97% used [0x000000077ba00000,0x000000077ce8cc50,0x000000077cf00000)
GC Heap History (10 events):
Event: 3.745 GC heap after
Heap after GC invocations=4 (full 0):
 PSYoungGen      total 36864K, used 5101K [0x00000007d7500000, 0x00000007d9e00000, 0x0000000800000000)
  eden space 31744K, 0% used [0x00000007d7500000,0x00000007d7500000,0x00000007d9400000)
  from space 5120K, 99% used [0x00000007d9900000,0x00000007d9dfb608,0x00000007d9e00000)
  to   space 5120K, 0% used [0x00000007d9400000,0x00000007d9400000,0x00000007d9900000)
 ParOldGen       total 82944K, used 6525K [0x0000000786000000, 0x000000078b100000, 0x00000007d7500000)
  object space 82944K, 7% used [0x0000000786000000,0x000000078665f4c8,0x000000078b100000)
 PSPermGen       total 21504K, used 20007K [0x000000077ba00000, 0x000000077cf00000, 0x0000000786000000)
  object space 21504K, 93% used [0x000000077ba00000,0x000000077cd89e08,0x000000077cf00000)
}
Event: 3.858 GC heap before
{Heap before GC invocations=5 (full 0):
 PSYoungGen      total 36864K, used 36845K [0x00000007d7500000, 0x00000007d9e00000, 0x0000000800000000)
  eden space 31744K, 100% used [0x00000007d7500000,0x00000007d9400000,0x00000007d9400000)
  from space 5120K, 99% used [0x00000007d9900000,0x00000007d9dfb608,0x00000007d9e00000)
  to   space 5120K, 0% used [0x00000007d9400000,0x00000007d9400000,0x00000007d9900000)
 ParOldGen       total 82944K, used 6525K [0x0000000786000000, 0x000000078b100000, 0x00000007d7500000)
  object space 82944K, 7% used [0x0000000786000000,0x000000078665f4c8,0x000000078b100000)
 PSPermGen       total 21504K, used 20010K [0x000000077ba00000, 0x000000077cf00000, 0x0000000786000000)
  object space 21504K, 93% used [0x000000077ba00000,0x000000077cd8ab58,0x000000077cf00000)
Event: 3.864 GC heap after
Heap after GC invocations=5 (full 0):
 PSYoungGen      total 36864K, used 5103K [0x00000007d7500000, 0x00000007dc700000, 0x0000000800000000)
  eden space 31744K, 0% used [0x00000007d7500000,0x00000007d7500000,0x00000007d9400000)
  from space 5120K, 99% used [0x00000007d9400000,0x00000007d98fbf48,0x00000007d9900000)
  to   space 10240K, 0% used [0x00000007dbd00000,0x00000007dbd00000,0x00000007dc700000)
 ParOldGen       total 82944K, used 8821K [0x0000000786000000, 0x000000078b100000, 0x00000007d7500000)
  object space 82944K, 10% used [0x0000000786000000,0x000000078689d538,0x000000078b100000)
 PSPermGen       total 21504K, used 20010K [0x000000077ba00000, 0x000000077cf00000, 0x0000000786000000)
  object space 21504K, 93% used [0x000000077ba00000,0x000000077cd8ab58,0x000000077cf00000)
}
Event: 3.956 GC heap before
{Heap before GC invocations=6 (full 0):
 PSYoungGen      total 36864K, used 36847K [0x00000007d7500000, 0x00000007dc700000, 0x0000000800000000)
  eden space 31744K, 100% used [0x00000007d7500000,0x00000007d9400000,0x00000007d9400000)
  from space 5120K, 99% used [0x00000007d9400000,0x00000007d98fbf48,0x00000007d9900000)
  to   space 10240K, 0% used [0x00000007dbd00000,0x00000007dbd00000,0x00000007dc700000)
 ParOldGen       total 82944K, used 8821K [0x0000000786000000, 0x000000078b100000, 0x00000007d7500000)
  object space 82944K, 10% used [0x0000000786000000,0x000000078689d538,0x000000078b100000)
 PSPermGen       total 21504K, used 20024K [0x000000077ba00000, 0x000000077cf00000, 0x0000000786000000)
  object space 21504K, 93% used [0x000000077ba00000,0x000000077cd8e3f0,0x000000077cf00000)
Event: 3.976 GC heap after
Heap after GC invocations=6 (full 0):
 PSYoungGen      total 67072K, used 10229K [0x00000007d7500000, 0x00000007dd400000, 0x0000000800000000)
  eden space 56832K, 0% used [0x00000007d7500000,0x00000007d7500000,0x00000007dac80000)
  from space 10240K, 99% used [0x00000007dbd00000,0x00000007dc6fd790,0x00000007dc700000)
  to   space 16896K, 0% used [0x00000007dac80000,0x00000007dac80000,0x00000007dbd00000)
 ParOldGen       total 82944K, used 18506K [0x0000000786000000, 0x000000078b100000, 0x00000007d7500000)
  object space 82944K, 22% used [0x0000000786000000,0x0000000787212a60,0x000000078b100000)
 PSPermGen       total 21504K, used 20024K [0x000000077ba00000, 0x000000077cf00000, 0x0000000786000000)
  object space 21504K, 93% used [0x000000077ba00000,0x000000077cd8e3f0,0x000000077cf00000)
}
Event: 4.203 GC heap before
{Heap before GC invocations=7 (full 0):
 PSYoungGen      total 67072K, used 67061K [0x00000007d7500000, 0x00000007dd400000, 0x0000000800000000)
  eden space 56832K, 100% used [0x00000007d7500000,0x00000007dac80000,0x00000007dac80000)
  from space 10240K, 99% used [0x00000007dbd00000,0x00000007dc6fd790,0x00000007dc700000)
  to   space 16896K, 0% used [0x00000007dac80000,0x00000007dac80000,0x00000007dbd00000)
 ParOldGen       total 82944K, used 18506K [0x0000000786000000, 0x000000078b100000, 0x00000007d7500000)
  object space 82944K, 22% used [0x0000000786000000,0x0000000787212a60,0x000000078b100000)
 PSPermGen       total 21504K, used 20043K [0x000000077ba00000, 0x000000077cf00000, 0x0000000786000000)
  object space 21504K, 93% used [0x000000077ba00000,0x000000077cd92d30,0x000000077cf00000)
Event: 4.274 GC heap after
Heap after GC invocations=7 (full 0):
 PSYoungGen      total 73728K, used 16893K [0x00000007d7500000, 0x00000007e2a00000, 0x0000000800000000)
  eden space 56832K, 0% used [0x00000007d7500000,0x00000007d7500000,0x00000007dac80000)
  from space 16896K, 99% used [0x00000007dac80000,0x00000007dbcff5c8,0x00000007dbd00000)
  to   space 35840K, 0% used [0x00000007e0700000,0x00000007e0700000,0x00000007e2a00000)
 ParOldGen       total 82944K, used 50593K [0x0000000786000000, 0x000000078b100000, 0x00000007d7500000)
  object space 82944K, 60% used [0x0000000786000000,0x00000007891687f0,0x000000078b100000)
 PSPermGen       total 21504K, used 20043K [0x000000077ba00000, 0x000000077cf00000, 0x0000000786000000)
  object space 21504K, 93% used [0x000000077ba00000,0x000000077cd92d30,0x000000077cf00000)
}
Event: 5.083 GC heap before
{Heap before GC invocations=8 (full 0):
 PSYoungGen      total 73728K, used 73725K [0x00000007d7500000, 0x00000007e2a00000, 0x0000000800000000)
  eden space 56832K, 100% used [0x00000007d7500000,0x00000007dac80000,0x00000007dac80000)
  from space 16896K, 99% used [0x00000007dac80000,0x00000007dbcff5c8,0x00000007dbd00000)
  to   space 35840K, 0% used [0x00000007e0700000,0x00000007e0700000,0x00000007e2a00000)
 ParOldGen       total 82944K, used 50593K [0x0000000786000000, 0x000000078b100000, 0x00000007d7500000)
  object space 82944K, 60% used [0x0000000786000000,0x00000007891687f0,0x000000078b100000)
 PSPermGen       total 21504K, used 20300K [0x000000077ba00000, 0x000000077cf00000, 0x0000000786000000)
  object space 21504K, 94% used [0x000000077ba00000,0x000000077cdd3300,0x000000077cf00000)
Event: 5.143 GC heap after
Heap after GC invocations=8 (full 0):
 PSYoungGen      total 144896K, used 29874K [0x00000007d7500000, 0x00000007e3300000, 0x0000000800000000)
  eden space 109056K, 0% used [0x00000007d7500000,0x00000007d7500000,0x00000007ddf80000)
  from space 35840K, 83% used [0x00000007e0700000,0x00000007e242ca28,0x00000007e2a00000)
  to   space 40448K, 0% used [0x00000007ddf80000,0x00000007ddf80000,0x00000007e0700000)
 ParOldGen       total 82944K, used 52331K [0x0000000786000000, 0x000000078b100000, 0x00000007d7500000)
  object space 82944K, 63% used [0x0000000786000000,0x000000078931ad88,0x000000078b100000)
 PSPermGen       total 21504K, used 20300K [0x000000077ba00000, 0x000000077cf00000, 0x0000000786000000)
  object space 21504K, 94% used [0x000000077ba00000,0x000000077cdd3300,0x000000077cf00000)
}
Event: 6.329 GC heap before
{Heap before GC invocations=9 (full 0):
 PSYoungGen      total 144896K, used 138930K [0x00000007d7500000, 0x00000007e3300000, 0x0000000800000000)
  eden space 109056K, 100% used [0x00000007d7500000,0x00000007ddf80000,0x00000007ddf80000)
  from space 35840K, 83% used [0x00000007e0700000,0x00000007e242ca28,0x00000007e2a00000)
  to   space 40448K, 0% used [0x00000007ddf80000,0x00000007ddf80000,0x00000007e0700000)
 ParOldGen       total 82944K, used 52331K [0x0000000786000000, 0x000000078b100000, 0x00000007d7500000)
  object space 82944K, 63% used [0x0000000786000000,0x000000078931ad88,0x000000078b100000)
 PSPermGen       total 21504K, used 21043K [0x000000077ba00000, 0x000000077cf00000, 0x0000000786000000)
  object space 21504K, 97% used [0x000000077ba00000,0x000000077ce8cc50,0x000000077cf00000)

