# JRE version: OpenJDK Runtime Environment (7.0_79-b14) (build 1.7.0_79-b14)
# Java VM: OpenJDK 64-Bit Server VM (24.79-b02 mixed mode linux-amd64 compressed oops)
Heap
 PSYoungGen      total 211968K, used 352K [0x00000007d7500000, 0x00000007e4e00000, 0x0000000800000000)
  eden space 202240K, 0% used [0x00000007d7500000,0x00000007d7500000,0x00000007e3a80000)
  from space 9728K, 3% used [0x00000007e3a80000,0x00000007e3ad8030,0x00000007e4400000)
  to   space 9216K, 0% used [0x00000007e4400000,0x00000007e4400000,0x00000007e4d00000)
 ParOldGen       total 82944K, used 9320K [0x0000000786000000, 0x000000078b100000, 0x00000007d7500000)
  object space 82944K, 11% used [0x0000000786000000,0x000000078691a388,0x000000078b100000)
 PSPermGen       total 23040K, used 22744K [0x000000077ba00000, 0x000000077d080000, 0x0000000786000000)
  object space 23040K, 98% used [0x000000077ba00000,0x000000077d036248,0x000000077d080000)
GC Heap History (10 events):
Event: 3.250 GC heap after
Heap after GC invocations=6 (full 0):
 PSYoungGen      total 71168K, used 5190K [0x00000007d7500000, 0x00000007dc300000, 0x0000000800000000)
  eden space 63488K, 0% used [0x00000007d7500000,0x00000007d7500000,0x00000007db300000)
  from space 7680K, 67% used [0x00000007dbb80000,0x00000007dc091828,0x00000007dc300000)
  to   space 8192K, 0% used [0x00000007db300000,0x00000007db300000,0x00000007dbb00000)
 ParOldGen       total 82944K, used 3956K [0x0000000786000000, 0x000000078b100000, 0x00000007d7500000)
  object space 82944K, 4% used [0x0000000786000000,0x00000007863dd248,0x000000078b100000)
 PSPermGen       total 23040K, used 22706K [0x000000077ba00000, 0x000000077d080000, 0x0000000786000000)
  object space 23040K, 98% used [0x000000077ba00000,0x000000077d02c9d8,0x000000077d080000)
}
Event: 3.288 GC heap before
{Heap before GC invocations=7 (full 0):
 PSYoungGen      total 71168K, used 68678K [0x00000007d7500000, 0x00000007dc300000, 0x0000000800000000)
  eden space 63488K, 100% used [0x00000007d7500000,0x00000007db300000,0x00000007db300000)
  from space 7680K, 67% used [0x00000007dbb80000,0x00000007dc091828,0x00000007dc300000)
  to   space 8192K, 0% used [0x00000007db300000,0x00000007db300000,0x00000007dbb00000)
 ParOldGen       total 82944K, used 3956K [0x0000000786000000, 0x000000078b100000, 0x00000007d7500000)
  object space 82944K, 4% used [0x0000000786000000,0x00000007863dd248,0x000000078b100000)
 PSPermGen       total 23040K, used 22709K [0x000000077ba00000, 0x000000077d080000, 0x0000000786000000)
  object space 23040K, 98% used [0x000000077ba00000,0x000000077d02d598,0x000000077d080000)
Event: 3.294 GC heap after
Heap after GC invocations=7 (full 0):
 PSYoungGen      total 71680K, used 3272K [0x00000007d7500000, 0x00000007e0200000, 0x0000000800000000)
  eden space 63488K, 0% used [0x00000007d7500000,0x00000007d7500000,0x00000007db300000)
  from space 8192K, 39% used [0x00000007db300000,0x00000007db632038,0x00000007dbb00000)
  to   space 8704K, 0% used [0x00000007df980000,0x00000007df980000,0x00000007e0200000)
 ParOldGen       total 82944K, used 5803K [0x0000000786000000, 0x000000078b100000, 0x00000007d7500000)
  object space 82944K, 6% used [0x0000000786000000,0x00000007865aad70,0x000000078b100000)
 PSPermGen       total 23040K, used 22709K [0x000000077ba00000, 0x000000077d080000, 0x0000000786000000)
  object space 23040K, 98% used [0x000000077ba00000,0x000000077d02d598,0x000000077d080000)
}
Event: 3.327 GC heap before
{Heap before GC invocations=8 (full 0):
 PSYoungGen      total 71680K, used 66516K [0x00000007d7500000, 0x00000007e0200000, 0x0000000800000000)
  eden space 63488K, 99% used [0x00000007d7500000,0x00000007db2c3378,0x00000007db300000)
  from space 8192K, 39% used [0x00000007db300000,0x00000007db632038,0x00000007dbb00000)
  to   space 8704K, 0% used [0x00000007df980000,0x00000007df980000,0x00000007e0200000)
 ParOldGen       total 82944K, used 5803K [0x0000000786000000, 0x000000078b100000, 0x00000007d7500000)
  object space 82944K, 6% used [0x0000000786000000,0x00000007865aad70,0x000000078b100000)
 PSPermGen       total 23040K, used 22724K [0x000000077ba00000, 0x000000077d080000, 0x0000000786000000)
  object space 23040K, 98% used [0x000000077ba00000,0x000000077d031238,0x000000077d080000)
Event: 3.331 GC heap after
Heap after GC invocations=8 (full 0):
 PSYoungGen      total 135168K, used 480K [0x00000007d7500000, 0x00000007e0300000, 0x0000000800000000)
  eden space 126464K, 0% used [0x00000007d7500000,0x00000007d7500000,0x00000007df080000)
  from space 8704K, 5% used [0x00000007df980000,0x00000007df9f8050,0x00000007e0200000)
  to   space 9216K, 0% used [0x00000007df080000,0x00000007df080000,0x00000007df980000)
 ParOldGen       total 82944K, used 8684K [0x0000000786000000, 0x000000078b100000, 0x00000007d7500000)
  object space 82944K, 10% used [0x0000000786000000,0x000000078687b380,0x000000078b100000)
 PSPermGen       total 23040K, used 22724K [0x000000077ba00000, 0x000000077d080000, 0x0000000786000000)
  object space 23040K, 98% used [0x000000077ba00000,0x000000077d031238,0x000000077d080000)
}
Event: 3.418 GC heap before
{Heap before GC invocations=9 (full 0):
 PSYoungGen      total 135168K, used 126944K [0x00000007d7500000, 0x00000007e0300000, 0x0000000800000000)
  eden space 126464K, 100% used [0x00000007d7500000,0x00000007df080000,0x00000007df080000)
  from space 8704K, 5% used [0x00000007df980000,0x00000007df9f8050,0x00000007e0200000)
  to   space 9216K, 0% used [0x00000007df080000,0x00000007df080000,0x00000007df980000)
 ParOldGen       total 82944K, used 8684K [0x0000000786000000, 0x000000078b100000, 0x00000007d7500000)
  object space 82944K, 10% used [0x0000000786000000,0x000000078687b380,0x000000078b100000)
 PSPermGen       total 23040K, used 22736K [0x000000077ba00000, 0x000000077d080000, 0x0000000786000000)
  object space 23040K, 98% used [0x000000077ba00000,0x000000077d034258,0x000000077d080000)
Event: 3.420 GC heap after
Heap after GC invocations=9 (full 0):
 PSYoungGen      total 135680K, used 576K [0x00000007d7500000, 0x00000007e4d00000, 0x0000000800000000)
  eden space 126464K, 0% used [0x00000007d7500000,0x00000007d7500000,0x00000007df080000)
  from space 9216K, 6% used [0x00000007df080000,0x00000007df110050,0x00000007df980000)
  to   space 9216K, 0% used [0x00000007e4400000,0x00000007e4400000,0x00000007e4d00000)
 ParOldGen       total 82944K, used 8772K [0x0000000786000000, 0x000000078b100000, 0x00000007d7500000)
  object space 82944K, 10% used [0x0000000786000000,0x0000000786891380,0x000000078b100000)
 PSPermGen       total 23040K, used 22736K [0x000000077ba00000, 0x000000077d080000, 0x0000000786000000)
  object space 23040K, 98% used [0x000000077ba00000,0x000000077d034258,0x000000077d080000)
}
Event: 3.475 GC heap before
{Heap before GC invocations=10 (full 0):
 PSYoungGen      total 135680K, used 127040K [0x00000007d7500000, 0x00000007e4d00000, 0x0000000800000000)
  eden space 126464K, 100% used [0x00000007d7500000,0x00000007df080000,0x00000007df080000)
  from space 9216K, 6% used [0x00000007df080000,0x00000007df110050,0x00000007df980000)
  to   space 9216K, 0% used [0x00000007e4400000,0x00000007e4400000,0x00000007e4d00000)
 ParOldGen       total 82944K, used 8772K [0x0000000786000000, 0x000000078b100000, 0x00000007d7500000)
  object space 82944K, 10% used [0x0000000786000000,0x0000000786891380,0x000000078b100000)
 PSPermGen       total 23040K, used 22741K [0x000000077ba00000, 0x000000077d080000, 0x0000000786000000)
  object space 23040K, 98% used [0x000000077ba00000,0x000000077d0355c0,0x000000077d080000)
Event: 3.476 GC heap after
Heap after GC invocations=10 (full 0):
 PSYoungGen      total 211456K, used 544K [0x00000007d7500000, 0x00000007e4e00000, 0x0000000800000000)
  eden space 202240K, 0% used [0x00000007d7500000,0x00000007d7500000,0x00000007e3a80000)
  from space 9216K, 5% used [0x00000007e4400000,0x00000007e4488030,0x00000007e4d00000)
  to   space 9728K, 0% used [0x00000007e3a80000,0x00000007e3a80000,0x00000007e4400000)
 ParOldGen       total 82944K, used 8956K [0x0000000786000000, 0x000000078b100000, 0x00000007d7500000)
  object space 82944K, 10% used [0x0000000786000000,0x00000007868bf380,0x000000078b100000)
 PSPermGen       total 23040K, used 22741K [0x000000077ba00000, 0x000000077d080000, 0x0000000786000000)
  object space 23040K, 98% used [0x000000077ba00000,0x000000077d0355c0,0x000000077d080000)
}
Event: 3.601 GC heap before
{Heap before GC invocations=11 (full 0):
 PSYoungGen      total 211456K, used 202784K [0x00000007d7500000, 0x00000007e4e00000, 0x0000000800000000)
  eden space 202240K, 100% used [0x00000007d7500000,0x00000007e3a80000,0x00000007e3a80000)
  from space 9216K, 5% used [0x00000007e4400000,0x00000007e4488030,0x00000007e4d00000)
  to   space 9728K, 0% used [0x00000007e3a80000,0x00000007e3a80000,0x00000007e4400000)
 ParOldGen       total 82944K, used 8956K [0x0000000786000000, 0x000000078b100000, 0x00000007d7500000)
  object space 82944K, 10% used [0x0000000786000000,0x00000007868bf380,0x000000078b100000)
 PSPermGen       total 23040K, used 22744K [0x000000077ba00000, 0x000000077d080000, 0x0000000786000000)
  object space 23040K, 98% used [0x000000077ba00000,0x000000077d036248,0x000000077d080000)

