# JRE version: OpenJDK Runtime Environment (7.0_79-b14) (build 1.7.0_79-b14)
# Java VM: OpenJDK 64-Bit Server VM (24.79-b02 mixed mode linux-amd64 compressed oops)
Heap
 PSYoungGen      total 132608K, used 19451K [0x00000007d7500000, 0x00000007e1200000, 0x0000000800000000)
  eden space 113152K, 0% used [0x00000007d7500000,0x00000007d7500000,0x00000007de380000)
  from space 19456K, 99% used [0x00000007de380000,0x00000007df67ee98,0x00000007df680000)
  to   space 10752K, 0% used [0x00000007df680000,0x00000007df680000,0x00000007e0100000)
 ParOldGen       total 88064K, used 87907K [0x0000000786000000, 0x000000078b600000, 0x00000007d7500000)
  object space 88064K, 99% used [0x0000000786000000,0x000000078b5d8df0,0x000000078b600000)
 PSPermGen       total 21504K, used 20838K [0x000000077ba00000, 0x000000077cf00000, 0x0000000786000000)
  object space 21504K, 96% used [0x000000077ba00000,0x000000077ce59918,0x000000077cf00000)
GC Heap History (10 events):
Event: 3.705 GC heap after
Heap after GC invocations=4 (full 0):
 PSYoungGen      total 36864K, used 5117K [0x00000007d7500000, 0x00000007dbd00000, 0x0000000800000000)
  eden space 31744K, 0% used [0x00000007d7500000,0x00000007d7500000,0x00000007d9400000)
  from space 5120K, 99% used [0x00000007d9900000,0x00000007d9dff618,0x00000007d9e00000)
  to   space 5120K, 0% used [0x00000007d9400000,0x00000007d9400000,0x00000007d9900000)
 ParOldGen       total 82944K, used 4319K [0x0000000786000000, 0x000000078b100000, 0x00000007d7500000)
  object space 82944K, 5% used [0x0000000786000000,0x0000000786437fe8,0x000000078b100000)
 PSPermGen       total 21504K, used 17747K [0x000000077ba00000, 0x000000077cf00000, 0x0000000786000000)
  object space 21504K, 82% used [0x000000077ba00000,0x000000077cb54c70,0x000000077cf00000)
}
Event: 4.057 GC heap before
{Heap before GC invocations=5 (full 0):
 PSYoungGen      total 36864K, used 36861K [0x00000007d7500000, 0x00000007dbd00000, 0x0000000800000000)
  eden space 31744K, 100% used [0x00000007d7500000,0x00000007d9400000,0x00000007d9400000)
  from space 5120K, 99% used [0x00000007d9900000,0x00000007d9dff618,0x00000007d9e00000)
  to   space 5120K, 0% used [0x00000007d9400000,0x00000007d9400000,0x00000007d9900000)
 ParOldGen       total 82944K, used 4319K [0x0000000786000000, 0x000000078b100000, 0x00000007d7500000)
  object space 82944K, 5% used [0x0000000786000000,0x0000000786437fe8,0x000000078b100000)
 PSPermGen       total 21504K, used 18811K [0x000000077ba00000, 0x000000077cf00000, 0x0000000786000000)
  object space 21504K, 87% used [0x000000077ba00000,0x000000077cc5eec0,0x000000077cf00000)
Event: 4.062 GC heap after
Heap after GC invocations=5 (full 0):
 PSYoungGen      total 36864K, used 5114K [0x00000007d7500000, 0x00000007dc400000, 0x0000000800000000)
  eden space 31744K, 0% used [0x00000007d7500000,0x00000007d7500000,0x00000007d9400000)
  from space 5120K, 99% used [0x00000007d9400000,0x00000007d98feaf8,0x00000007d9900000)
  to   space 8704K, 0% used [0x00000007dbb80000,0x00000007dbb80000,0x00000007dc400000)
 ParOldGen       total 82944K, used 5475K [0x0000000786000000, 0x000000078b100000, 0x00000007d7500000)
  object space 82944K, 6% used [0x0000000786000000,0x0000000786558e60,0x000000078b100000)
 PSPermGen       total 21504K, used 18811K [0x000000077ba00000, 0x000000077cf00000, 0x0000000786000000)
  object space 21504K, 87% used [0x000000077ba00000,0x000000077cc5eec0,0x000000077cf00000)
}
Event: 4.494 GC heap before
{Heap before GC invocations=6 (full 0):
 PSYoungGen      total 36864K, used 36858K [0x00000007d7500000, 0x00000007dc400000, 0x0000000800000000)
  eden space 31744K, 100% used [0x00000007d7500000,0x00000007d9400000,0x00000007d9400000)
  from space 5120K, 99% used [0x00000007d9400000,0x00000007d98feaf8,0x00000007d9900000)
  to   space 8704K, 0% used [0x00000007dbb80000,0x00000007dbb80000,0x00000007dc400000)
 ParOldGen       total 82944K, used 5475K [0x0000000786000000, 0x000000078b100000, 0x00000007d7500000)
  object space 82944K, 6% used [0x0000000786000000,0x0000000786558e60,0x000000078b100000)
 PSPermGen       total 21504K, used 19118K [0x000000077ba00000, 0x000000077cf00000, 0x0000000786000000)
  object space 21504K, 88% used [0x000000077ba00000,0x000000077ccab9c8,0x000000077cf00000)
Event: 4.800 GC heap after
Heap after GC invocations=6 (full 0):
 PSYoungGen      total 69632K, used 8686K [0x00000007d7500000, 0x00000007dc900000, 0x0000000800000000)
  eden space 60928K, 0% used [0x00000007d7500000,0x00000007d7500000,0x00000007db080000)
  from space 8704K, 99% used [0x00000007dbb80000,0x00000007dc3fb920,0x00000007dc400000)
  to   space 11264K, 0% used [0x00000007db080000,0x00000007db080000,0x00000007dbb80000)
 ParOldGen       total 82944K, used 7554K [0x0000000786000000, 0x000000078b100000, 0x00000007d7500000)
  object space 82944K, 9% used [0x0000000786000000,0x00000007867608c0,0x000000078b100000)
 PSPermGen       total 21504K, used 19118K [0x000000077ba00000, 0x000000077cf00000, 0x0000000786000000)
  object space 21504K, 88% used [0x000000077ba00000,0x000000077ccab9c8,0x000000077cf00000)
}
Event: 5.296 GC heap before
{Heap before GC invocations=7 (full 0):
 PSYoungGen      total 69632K, used 69614K [0x00000007d7500000, 0x00000007dc900000, 0x0000000800000000)
  eden space 60928K, 100% used [0x00000007d7500000,0x00000007db080000,0x00000007db080000)
  from space 8704K, 99% used [0x00000007dbb80000,0x00000007dc3fb920,0x00000007dc400000)
  to   space 11264K, 0% used [0x00000007db080000,0x00000007db080000,0x00000007dbb80000)
 ParOldGen       total 82944K, used 7554K [0x0000000786000000, 0x000000078b100000, 0x00000007d7500000)
  object space 82944K, 9% used [0x0000000786000000,0x00000007867608c0,0x000000078b100000)
 PSPermGen       total 21504K, used 19194K [0x000000077ba00000, 0x000000077cf00000, 0x0000000786000000)
  object space 21504K, 89% used [0x000000077ba00000,0x000000077ccbebf8,0x000000077cf00000)
Event: 5.418 GC heap after
Heap after GC invocations=7 (full 0):
 PSYoungGen      total 72192K, used 7414K [0x00000007d7500000, 0x00000007e0100000, 0x0000000800000000)
  eden space 60928K, 0% used [0x00000007d7500000,0x00000007d7500000,0x00000007db080000)
  from space 11264K, 65% used [0x00000007db080000,0x00000007db7bda00,0x00000007dbb80000)
  to   space 10752K, 0% used [0x00000007df680000,0x00000007df680000,0x00000007e0100000)
 ParOldGen       total 82944K, used 10231K [0x0000000786000000, 0x000000078b100000, 0x00000007d7500000)
  object space 82944K, 12% used [0x0000000786000000,0x00000007869fdc60,0x000000078b100000)
 PSPermGen       total 21504K, used 19194K [0x000000077ba00000, 0x000000077cf00000, 0x0000000786000000)
  object space 21504K, 89% used [0x000000077ba00000,0x000000077ccbebf8,0x000000077cf00000)
}
Event: 6.409 GC heap before
{Heap before GC invocations=8 (full 0):
 PSYoungGen      total 72192K, used 68342K [0x00000007d7500000, 0x00000007e0100000, 0x0000000800000000)
  eden space 60928K, 100% used [0x00000007d7500000,0x00000007db080000,0x00000007db080000)
  from space 11264K, 65% used [0x00000007db080000,0x00000007db7bda00,0x00000007dbb80000)
  to   space 10752K, 0% used [0x00000007df680000,0x00000007df680000,0x00000007e0100000)
 ParOldGen       total 82944K, used 10231K [0x0000000786000000, 0x000000078b100000, 0x00000007d7500000)
  object space 82944K, 12% used [0x0000000786000000,0x00000007869fdc60,0x000000078b100000)
 PSPermGen       total 21504K, used 20321K [0x000000077ba00000, 0x000000077cf00000, 0x0000000786000000)
  object space 21504K, 94% used [0x000000077ba00000,0x000000077cdd85c0,0x000000077cf00000)
Event: 6.511 GC heap after
Heap after GC invocations=8 (full 0):
 PSYoungGen      total 123904K, used 10731K [0x00000007d7500000, 0x00000007e1200000, 0x0000000800000000)
  eden space 113152K, 0% used [0x00000007d7500000,0x00000007d7500000,0x00000007de380000)
  from space 10752K, 99% used [0x00000007df680000,0x00000007e00fad70,0x00000007e0100000)
  to   space 19456K, 0% used [0x00000007de380000,0x00000007de380000,0x00000007df680000)
 ParOldGen       total 82944K, used 27418K [0x0000000786000000, 0x000000078b100000, 0x00000007d7500000)
  object space 82944K, 33% used [0x0000000786000000,0x0000000787ac6bb0,0x000000078b100000)
 PSPermGen       total 21504K, used 20321K [0x000000077ba00000, 0x000000077cf00000, 0x0000000786000000)
  object space 21504K, 94% used [0x000000077ba00000,0x000000077cdd85c0,0x000000077cf00000)
}
Event: 7.865 GC heap before
{Heap before GC invocations=9 (full 0):
 PSYoungGen      total 123904K, used 123883K [0x00000007d7500000, 0x00000007e1200000, 0x0000000800000000)
  eden space 113152K, 100% used [0x00000007d7500000,0x00000007de380000,0x00000007de380000)
  from space 10752K, 99% used [0x00000007df680000,0x00000007e00fad70,0x00000007e0100000)
  to   space 19456K, 0% used [0x00000007de380000,0x00000007de380000,0x00000007df680000)
 ParOldGen       total 82944K, used 27418K [0x0000000786000000, 0x000000078b100000, 0x00000007d7500000)
  object space 82944K, 33% used [0x0000000786000000,0x0000000787ac6bb0,0x000000078b100000)
 PSPermGen       total 21504K, used 20838K [0x000000077ba00000, 0x000000077cf00000, 0x0000000786000000)
  object space 21504K, 96% used [0x000000077ba00000,0x000000077ce59918,0x000000077cf00000)

