# JRE version: OpenJDK Runtime Environment (7.0_79-b14) (build 1.7.0_79-b14)
# Java VM: OpenJDK 64-Bit Server VM (24.79-b02 mixed mode linux-amd64 compressed oops)
Heap
 PSYoungGen      total 73216K, used 16893K [0x00000007d7500000, 0x00000007dd400000, 0x0000000800000000)
  eden space 56320K, 0% used [0x00000007d7500000,0x00000007d7500000,0x00000007dac00000)
  from space 16896K, 99% used [0x00000007dac00000,0x00000007dbc7f5c8,0x00000007dbc80000)
  to   space 9728K, 0% used [0x00000007dbc80000,0x00000007dbc80000,0x00000007dc600000)
 ParOldGen       total 82944K, used 49819K [0x0000000786000000, 0x000000078b100000, 0x00000007d7500000)
  object space 82944K, 60% used [0x0000000786000000,0x00000007890a6c28,0x000000078b100000)
 PSPermGen       total 21504K, used 20064K [0x000000077ba00000, 0x000000077cf00000, 0x0000000786000000)
  object space 21504K, 93% used [0x000000077ba00000,0x000000077cd983c0,0x000000077cf00000)
GC Heap History (10 events):
Event: 3.378 GC heap after
Heap after GC invocations=2 (full 0):
 PSYoungGen      total 36864K, used 5099K [0x00000007d7500000, 0x00000007d9e00000, 0x0000000800000000)
  eden space 31744K, 0% used [0x00000007d7500000,0x00000007d7500000,0x00000007d9400000)
  from space 5120K, 99% used [0x00000007d9900000,0x00000007d9dfaef0,0x00000007d9e00000)
  to   space 5120K, 0% used [0x00000007d9400000,0x00000007d9400000,0x00000007d9900000)
 ParOldGen       total 82944K, used 45K [0x0000000786000000, 0x000000078b100000, 0x00000007d7500000)
  object space 82944K, 0% used [0x0000000786000000,0x000000078600b788,0x000000078b100000)
 PSPermGen       total 21504K, used 12590K [0x000000077ba00000, 0x000000077cf00000, 0x0000000786000000)
  object space 21504K, 58% used [0x000000077ba00000,0x000000077c64bb60,0x000000077cf00000)
}
Event: 4.171 GC heap before
{Heap before GC invocations=3 (full 0):
 PSYoungGen      total 36864K, used 36843K [0x00000007d7500000, 0x00000007d9e00000, 0x0000000800000000)
  eden space 31744K, 100% used [0x00000007d7500000,0x00000007d9400000,0x00000007d9400000)
  from space 5120K, 99% used [0x00000007d9900000,0x00000007d9dfaef0,0x00000007d9e00000)
  to   space 5120K, 0% used [0x00000007d9400000,0x00000007d9400000,0x00000007d9900000)
 ParOldGen       total 82944K, used 45K [0x0000000786000000, 0x000000078b100000, 0x00000007d7500000)
  object space 82944K, 0% used [0x0000000786000000,0x000000078600b788,0x000000078b100000)
 PSPermGen       total 21504K, used 16267K [0x000000077ba00000, 0x000000077cf00000, 0x0000000786000000)
  object space 21504K, 75% used [0x000000077ba00000,0x000000077c9e2d10,0x000000077cf00000)
Event: 4.176 GC heap after
Heap after GC invocations=3 (full 0):
 PSYoungGen      total 36864K, used 5088K [0x00000007d7500000, 0x00000007d9e00000, 0x0000000800000000)
  eden space 31744K, 0% used [0x00000007d7500000,0x00000007d7500000,0x00000007d9400000)
  from space 5120K, 99% used [0x00000007d9400000,0x00000007d98f8318,0x00000007d9900000)
  to   space 5120K, 0% used [0x00000007d9900000,0x00000007d9900000,0x00000007d9e00000)
 ParOldGen       total 82944K, used 2315K [0x0000000786000000, 0x000000078b100000, 0x00000007d7500000)
  object space 82944K, 2% used [0x0000000786000000,0x0000000786242f70,0x000000078b100000)
 PSPermGen       total 21504K, used 16267K [0x000000077ba00000, 0x000000077cf00000, 0x0000000786000000)
  object space 21504K, 75% used [0x000000077ba00000,0x000000077c9e2d10,0x000000077cf00000)
}
Event: 4.570 GC heap before
{Heap before GC invocations=4 (full 0):
 PSYoungGen      total 36864K, used 36832K [0x00000007d7500000, 0x00000007d9e00000, 0x0000000800000000)
  eden space 31744K, 100% used [0x00000007d7500000,0x00000007d9400000,0x00000007d9400000)
  from space 5120K, 99% used [0x00000007d9400000,0x00000007d98f8318,0x00000007d9900000)
  to   space 5120K, 0% used [0x00000007d9900000,0x00000007d9900000,0x00000007d9e00000)
 ParOldGen       total 82944K, used 2315K [0x0000000786000000, 0x000000078b100000, 0x00000007d7500000)
  object space 82944K, 2% used [0x0000000786000000,0x0000000786242f70,0x000000078b100000)
 PSPermGen       total 21504K, used 20029K [0x000000077ba00000, 0x000000077cf00000, 0x0000000786000000)
  object space 21504K, 93% used [0x000000077ba00000,0x000000077cd8f5d8,0x000000077cf00000)
Event: 4.582 GC heap after
Heap after GC invocations=4 (full 0):
 PSYoungGen      total 36864K, used 5101K [0x00000007d7500000, 0x00000007dbd00000, 0x0000000800000000)
  eden space 31744K, 0% used [0x00000007d7500000,0x00000007d7500000,0x00000007d9400000)
  from space 5120K, 99% used [0x00000007d9900000,0x00000007d9dfb628,0x00000007d9e00000)
  to   space 5120K, 0% used [0x00000007d9400000,0x00000007d9400000,0x00000007d9900000)
 ParOldGen       total 82944K, used 6595K [0x0000000786000000, 0x000000078b100000, 0x00000007d7500000)
  object space 82944K, 7% used [0x0000000786000000,0x0000000786670c78,0x000000078b100000)
 PSPermGen       total 21504K, used 20029K [0x000000077ba00000, 0x000000077cf00000, 0x0000000786000000)
  object space 21504K, 93% used [0x000000077ba00000,0x000000077cd8f5d8,0x000000077cf00000)
}
Event: 4.825 GC heap before
{Heap before GC invocations=5 (full 0):
 PSYoungGen      total 36864K, used 36845K [0x00000007d7500000, 0x00000007dbd00000, 0x0000000800000000)
  eden space 31744K, 100% used [0x00000007d7500000,0x00000007d9400000,0x00000007d9400000)
  from space 5120K, 99% used [0x00000007d9900000,0x00000007d9dfb628,0x00000007d9e00000)
  to   space 5120K, 0% used [0x00000007d9400000,0x00000007d9400000,0x00000007d9900000)
 ParOldGen       total 82944K, used 6595K [0x0000000786000000, 0x000000078b100000, 0x00000007d7500000)
  object space 82944K, 7% used [0x0000000786000000,0x0000000786670c78,0x000000078b100000)
 PSPermGen       total 21504K, used 20032K [0x000000077ba00000, 0x000000077cf00000, 0x0000000786000000)
  object space 21504K, 93% used [0x000000077ba00000,0x000000077cd90208,0x000000077cf00000)
Event: 4.833 GC heap after
Heap after GC invocations=5 (full 0):
 PSYoungGen      total 36864K, used 5103K [0x00000007d7500000, 0x00000007dc600000, 0x0000000800000000)
  eden space 31744K, 0% used [0x00000007d7500000,0x00000007d7500000,0x00000007d9400000)
  from space 5120K, 99% used [0x00000007d9400000,0x00000007d98fbf68,0x00000007d9900000)
  to   space 9728K, 0% used [0x00000007dbc80000,0x00000007dbc80000,0x00000007dc600000)
 ParOldGen       total 82944K, used 8379K [0x0000000786000000, 0x000000078b100000, 0x00000007d7500000)
  object space 82944K, 10% used [0x0000000786000000,0x000000078682ec78,0x000000078b100000)
 PSPermGen       total 21504K, used 20032K [0x000000077ba00000, 0x000000077cf00000, 0x0000000786000000)
  object space 21504K, 93% used [0x000000077ba00000,0x000000077cd90208,0x000000077cf00000)
}
Event: 4.930 GC heap before
{Heap before GC invocations=6 (full 0):
 PSYoungGen      total 36864K, used 36847K [0x00000007d7500000, 0x00000007dc600000, 0x0000000800000000)
  eden space 31744K, 100% used [0x00000007d7500000,0x00000007d9400000,0x00000007d9400000)
  from space 5120K, 99% used [0x00000007d9400000,0x00000007d98fbf68,0x00000007d9900000)
  to   space 9728K, 0% used [0x00000007dbc80000,0x00000007dbc80000,0x00000007dc600000)
 ParOldGen       total 82944K, used 8379K [0x0000000786000000, 0x000000078b100000, 0x00000007d7500000)
  object space 82944K, 10% used [0x0000000786000000,0x000000078682ec78,0x000000078b100000)
 PSPermGen       total 21504K, used 20046K [0x000000077ba00000, 0x000000077cf00000, 0x0000000786000000)
  object space 21504K, 93% used [0x000000077ba00000,0x000000077cd93a80,0x000000077cf00000)
Event: 4.950 GC heap after
Heap after GC invocations=6 (full 0):
 PSYoungGen      total 66048K, used 9703K [0x00000007d7500000, 0x00000007dd400000, 0x0000000800000000)
  eden space 56320K, 0% used [0x00000007d7500000,0x00000007d7500000,0x00000007dac00000)
  from space 9728K, 99% used [0x00000007dbc80000,0x00000007dc5f9c30,0x00000007dc600000)
  to   space 16896K, 0% used [0x00000007dac00000,0x00000007dac00000,0x00000007dbc80000)
 ParOldGen       total 82944K, used 18547K [0x0000000786000000, 0x000000078b100000, 0x00000007d7500000)
  object space 82944K, 22% used [0x0000000786000000,0x000000078721cca0,0x000000078b100000)
 PSPermGen       total 21504K, used 20046K [0x000000077ba00000, 0x000000077cf00000, 0x0000000786000000)
  object space 21504K, 93% used [0x000000077ba00000,0x000000077cd93a80,0x000000077cf00000)
}
Event: 5.108 GC heap before
{Heap before GC invocations=7 (full 0):
 PSYoungGen      total 66048K, used 66023K [0x00000007d7500000, 0x00000007dd400000, 0x0000000800000000)
  eden space 56320K, 100% used [0x00000007d7500000,0x00000007dac00000,0x00000007dac00000)
  from space 9728K, 99% used [0x00000007dbc80000,0x00000007dc5f9c30,0x00000007dc600000)
  to   space 16896K, 0% used [0x00000007dac00000,0x00000007dac00000,0x00000007dbc80000)
 ParOldGen       total 82944K, used 18547K [0x0000000786000000, 0x000000078b100000, 0x00000007d7500000)
  object space 82944K, 22% used [0x0000000786000000,0x000000078721cca0,0x000000078b100000)
 PSPermGen       total 21504K, used 20064K [0x000000077ba00000, 0x000000077cf00000, 0x0000000786000000)
  object space 21504K, 93% used [0x000000077ba00000,0x000000077cd983c0,0x000000077cf00000)

