# JRE version: OpenJDK Runtime Environment (7.0_79-b14) (build 1.7.0_79-b14)
# Java VM: OpenJDK 64-Bit Server VM (24.79-b02 mixed mode linux-amd64 compressed oops)
Heap
 PSYoungGen      total 138240K, used 17403K [0x00000007d7500000, 0x00000007e1300000, 0x0000000800000000)
  eden space 120832K, 0% used [0x00000007d7500000,0x00000007d7500000,0x00000007deb00000)
  from space 17408K, 99% used [0x00000007deb00000,0x00000007dfbfeea8,0x00000007dfc00000)
  to   space 11264K, 0% used [0x00000007dfc00000,0x00000007dfc00000,0x00000007e0700000)
 ParOldGen       total 82944K, used 81258K [0x0000000786000000, 0x000000078b100000, 0x00000007d7500000)
  object space 82944K, 97% used [0x0000000786000000,0x000000078af5a880,0x000000078b100000)
 PSPermGen       total 21504K, used 20919K [0x000000077ba00000, 0x000000077cf00000, 0x0000000786000000)
  object space 21504K, 97% used [0x000000077ba00000,0x000000077ce6dc08,0x000000077cf00000)
GC Heap History (10 events):
Event: 3.481 GC heap after
Heap after GC invocations=4 (full 0):
 PSYoungGen      total 36864K, used 5088K [0x00000007d7500000, 0x00000007d9e00000, 0x0000000800000000)
  eden space 31744K, 0% used [0x00000007d7500000,0x00000007d7500000,0x00000007d9400000)
  from space 5120K, 99% used [0x00000007d9900000,0x00000007d9df8040,0x00000007d9e00000)
  to   space 5120K, 0% used [0x00000007d9400000,0x00000007d9400000,0x00000007d9900000)
 ParOldGen       total 82944K, used 3433K [0x0000000786000000, 0x000000078b100000, 0x00000007d7500000)
  object space 82944K, 4% used [0x0000000786000000,0x000000078635a400,0x000000078b100000)
 PSPermGen       total 21504K, used 16879K [0x000000077ba00000, 0x000000077cf00000, 0x0000000786000000)
  object space 21504K, 78% used [0x000000077ba00000,0x000000077ca7bcc8,0x000000077cf00000)
}
Event: 3.844 GC heap before
{Heap before GC invocations=5 (full 0):
 PSYoungGen      total 36864K, used 36832K [0x00000007d7500000, 0x00000007d9e00000, 0x0000000800000000)
  eden space 31744K, 100% used [0x00000007d7500000,0x00000007d9400000,0x00000007d9400000)
  from space 5120K, 99% used [0x00000007d9900000,0x00000007d9df8040,0x00000007d9e00000)
  to   space 5120K, 0% used [0x00000007d9400000,0x00000007d9400000,0x00000007d9900000)
 ParOldGen       total 82944K, used 3433K [0x0000000786000000, 0x000000078b100000, 0x00000007d7500000)
  object space 82944K, 4% used [0x0000000786000000,0x000000078635a400,0x000000078b100000)
 PSPermGen       total 21504K, used 18830K [0x000000077ba00000, 0x000000077cf00000, 0x0000000786000000)
  object space 21504K, 87% used [0x000000077ba00000,0x000000077cc638e8,0x000000077cf00000)
Event: 3.849 GC heap after
Heap after GC invocations=5 (full 0):
 PSYoungGen      total 36864K, used 5088K [0x00000007d7500000, 0x00000007dc500000, 0x0000000800000000)
  eden space 31744K, 0% used [0x00000007d7500000,0x00000007d7500000,0x00000007d9400000)
  from space 5120K, 99% used [0x00000007d9400000,0x00000007d98f81e0,0x00000007d9900000)
  to   space 9216K, 0% used [0x00000007dbc00000,0x00000007dbc00000,0x00000007dc500000)
 ParOldGen       total 82944K, used 5956K [0x0000000786000000, 0x000000078b100000, 0x00000007d7500000)
  object space 82944K, 7% used [0x0000000786000000,0x00000007865d13e8,0x000000078b100000)
 PSPermGen       total 21504K, used 18830K [0x000000077ba00000, 0x000000077cf00000, 0x0000000786000000)
  object space 21504K, 87% used [0x000000077ba00000,0x000000077cc638e8,0x000000077cf00000)
}
Event: 4.079 GC heap before
{Heap before GC invocations=6 (full 0):
 PSYoungGen      total 36864K, used 36832K [0x00000007d7500000, 0x00000007dc500000, 0x0000000800000000)
  eden space 31744K, 100% used [0x00000007d7500000,0x00000007d9400000,0x00000007d9400000)
  from space 5120K, 99% used [0x00000007d9400000,0x00000007d98f81e0,0x00000007d9900000)
  to   space 9216K, 0% used [0x00000007dbc00000,0x00000007dbc00000,0x00000007dc500000)
 ParOldGen       total 82944K, used 5956K [0x0000000786000000, 0x000000078b100000, 0x00000007d7500000)
  object space 82944K, 7% used [0x0000000786000000,0x00000007865d13e8,0x000000078b100000)
 PSPermGen       total 21504K, used 18999K [0x000000077ba00000, 0x000000077cf00000, 0x0000000786000000)
  object space 21504K, 88% used [0x000000077ba00000,0x000000077cc8dc10,0x000000077cf00000)
Event: 4.085 GC heap after
Heap after GC invocations=6 (full 0):
 PSYoungGen      total 71680K, used 6336K [0x00000007d7500000, 0x00000007dc400000, 0x0000000800000000)
  eden space 63488K, 0% used [0x00000007d7500000,0x00000007d7500000,0x00000007db300000)
  from space 8192K, 77% used [0x00000007dbc00000,0x00000007dc2301e0,0x00000007dc400000)
  to   space 8704K, 0% used [0x00000007db300000,0x00000007db300000,0x00000007dbb80000)
 ParOldGen       total 82944K, used 5956K [0x0000000786000000, 0x000000078b100000, 0x00000007d7500000)
  object space 82944K, 7% used [0x0000000786000000,0x00000007865d13e8,0x000000078b100000)
 PSPermGen       total 21504K, used 18999K [0x000000077ba00000, 0x000000077cf00000, 0x0000000786000000)
  object space 21504K, 88% used [0x000000077ba00000,0x000000077cc8dc10,0x000000077cf00000)
}
Event: 4.804 GC heap before
{Heap before GC invocations=7 (full 0):
 PSYoungGen      total 71680K, used 69824K [0x00000007d7500000, 0x00000007dc400000, 0x0000000800000000)
  eden space 63488K, 100% used [0x00000007d7500000,0x00000007db300000,0x00000007db300000)
  from space 8192K, 77% used [0x00000007dbc00000,0x00000007dc2301e0,0x00000007dc400000)
  to   space 8704K, 0% used [0x00000007db300000,0x00000007db300000,0x00000007dbb80000)
 ParOldGen       total 82944K, used 5956K [0x0000000786000000, 0x000000078b100000, 0x00000007d7500000)
  object space 82944K, 7% used [0x0000000786000000,0x00000007865d13e8,0x000000078b100000)
 PSPermGen       total 21504K, used 19266K [0x000000077ba00000, 0x000000077cf00000, 0x0000000786000000)
  object space 21504K, 89% used [0x000000077ba00000,0x000000077ccd0b48,0x000000077cf00000)
Event: 4.820 GC heap after
Heap after GC invocations=7 (full 0):
 PSYoungGen      total 72192K, used 8676K [0x00000007d7500000, 0x00000007e0700000, 0x0000000800000000)
  eden space 63488K, 0% used [0x00000007d7500000,0x00000007d7500000,0x00000007db300000)
  from space 8704K, 99% used [0x00000007db300000,0x00000007dbb792d8,0x00000007dbb80000)
  to   space 11264K, 0% used [0x00000007dfc00000,0x00000007dfc00000,0x00000007e0700000)
 ParOldGen       total 82944K, used 9382K [0x0000000786000000, 0x000000078b100000, 0x00000007d7500000)
  object space 82944K, 11% used [0x0000000786000000,0x00000007869298a0,0x000000078b100000)
 PSPermGen       total 21504K, used 19266K [0x000000077ba00000, 0x000000077cf00000, 0x0000000786000000)
  object space 21504K, 89% used [0x000000077ba00000,0x000000077ccd0b48,0x000000077cf00000)
}
Event: 6.006 GC heap before
{Heap before GC invocations=8 (full 0):
 PSYoungGen      total 72192K, used 72164K [0x00000007d7500000, 0x00000007e0700000, 0x0000000800000000)
  eden space 63488K, 100% used [0x00000007d7500000,0x00000007db300000,0x00000007db300000)
  from space 8704K, 99% used [0x00000007db300000,0x00000007dbb792d8,0x00000007dbb80000)
  to   space 11264K, 0% used [0x00000007dfc00000,0x00000007dfc00000,0x00000007e0700000)
 ParOldGen       total 82944K, used 9382K [0x0000000786000000, 0x000000078b100000, 0x00000007d7500000)
  object space 82944K, 11% used [0x0000000786000000,0x00000007869298a0,0x000000078b100000)
 PSPermGen       total 21504K, used 20268K [0x000000077ba00000, 0x000000077cf00000, 0x0000000786000000)
  object space 21504K, 94% used [0x000000077ba00000,0x000000077cdcb1f8,0x000000077cf00000)
Event: 6.021 GC heap after
Heap after GC invocations=8 (full 0):
 PSYoungGen      total 132096K, used 11235K [0x00000007d7500000, 0x00000007e1300000, 0x0000000800000000)
  eden space 120832K, 0% used [0x00000007d7500000,0x00000007d7500000,0x00000007deb00000)
  from space 11264K, 99% used [0x00000007dfc00000,0x00000007e06f8f90,0x00000007e0700000)
  to   space 17408K, 0% used [0x00000007deb00000,0x00000007deb00000,0x00000007dfc00000)
 ParOldGen       total 82944K, used 19277K [0x0000000786000000, 0x000000078b100000, 0x00000007d7500000)
  object space 82944K, 23% used [0x0000000786000000,0x00000007872d35e0,0x000000078b100000)
 PSPermGen       total 21504K, used 20268K [0x000000077ba00000, 0x000000077cf00000, 0x0000000786000000)
  object space 21504K, 94% used [0x000000077ba00000,0x000000077cdcb1f8,0x000000077cf00000)
}
Event: 6.627 GC heap before
{Heap before GC invocations=9 (full 0):
 PSYoungGen      total 132096K, used 132067K [0x00000007d7500000, 0x00000007e1300000, 0x0000000800000000)
  eden space 120832K, 100% used [0x00000007d7500000,0x00000007deb00000,0x00000007deb00000)
  from space 11264K, 99% used [0x00000007dfc00000,0x00000007e06f8f90,0x00000007e0700000)
  to   space 17408K, 0% used [0x00000007deb00000,0x00000007deb00000,0x00000007dfc00000)
 ParOldGen       total 82944K, used 19277K [0x0000000786000000, 0x000000078b100000, 0x00000007d7500000)
  object space 82944K, 23% used [0x0000000786000000,0x00000007872d35e0,0x000000078b100000)
 PSPermGen       total 21504K, used 20919K [0x000000077ba00000, 0x000000077cf00000, 0x0000000786000000)
  object space 21504K, 97% used [0x000000077ba00000,0x000000077ce6dc08,0x000000077cf00000)

