# JRE version: OpenJDK Runtime Environment (7.0_79-b14) (build 1.7.0_79-b14)
# Java VM: OpenJDK 64-Bit Server VM (24.79-b02 mixed mode linux-amd64 compressed oops)
Heap
 PSYoungGen      total 267776K, used 98352K [0x00000007d7500000, 0x00000007f0f80000, 0x0000000800000000)
  eden space 140800K, 0% used [0x00000007d7500000,0x00000007d7500000,0x00000007dfe80000)
  from space 126976K, 77% used [0x00000007e9380000,0x00000007ef38c170,0x00000007f0f80000)
  to   space 115712K, 0% used [0x00000007dfe80000,0x00000007dfe80000,0x00000007e6f80000)
 ParOldGen       total 281088K, used 167716K [0x0000000786000000, 0x0000000797280000, 0x00000007d7500000)
  object space 281088K, 59% used [0x0000000786000000,0x00000007903c9280,0x0000000797280000)
 PSPermGen       total 47104K, used 21927K [0x000000077ba00000, 0x000000077e800000, 0x0000000786000000)
  object space 47104K, 46% used [0x000000077ba00000,0x000000077cf69c08,0x000000077e800000)
GC Heap History (10 events):
Event: 12.454 GC heap after
Heap after GC invocations=15 (full 2):
 PSYoungGen      total 192512K, used 64597K [0x00000007d7500000, 0x00000007e9a80000, 0x0000000800000000)
  eden space 119808K, 0% used [0x00000007d7500000,0x00000007d7500000,0x00000007dea00000)
  from space 72704K, 88% used [0x00000007dea00000,0x00000007e2915518,0x00000007e3100000)
  to   space 82432K, 0% used [0x00000007e4a00000,0x00000007e4a00000,0x00000007e9a80000)
 ParOldGen       total 281088K, used 167716K [0x0000000786000000, 0x0000000797280000, 0x00000007d7500000)
  object space 281088K, 59% used [0x0000000786000000,0x00000007903c9280,0x0000000797280000)
 PSPermGen       total 47104K, used 21779K [0x000000077ba00000, 0x000000077e800000, 0x0000000786000000)
  object space 47104K, 46% used [0x000000077ba00000,0x000000077cf44fb0,0x000000077e800000)
}
Event: 13.646 GC heap before
{Heap before GC invocations=16 (full 2):
 PSYoungGen      total 192512K, used 184405K [0x00000007d7500000, 0x00000007e9a80000, 0x0000000800000000)
  eden space 119808K, 100% used [0x00000007d7500000,0x00000007dea00000,0x00000007dea00000)
  from space 72704K, 88% used [0x00000007dea00000,0x00000007e2915518,0x00000007e3100000)
  to   space 82432K, 0% used [0x00000007e4a00000,0x00000007e4a00000,0x00000007e9a80000)
 ParOldGen       total 281088K, used 167716K [0x0000000786000000, 0x0000000797280000, 0x00000007d7500000)
  object space 281088K, 59% used [0x0000000786000000,0x00000007903c9280,0x0000000797280000)
 PSPermGen       total 47104K, used 21900K [0x000000077ba00000, 0x000000077e800000, 0x0000000786000000)
  object space 47104K, 46% used [0x000000077ba00000,0x000000077cf632a0,0x000000077e800000)
Event: 13.756 GC heap after
Heap after GC invocations=16 (full 2):
 PSYoungGen      total 204288K, used 80224K [0x00000007d7500000, 0x00000007eb700000, 0x0000000800000000)
  eden space 121856K, 0% used [0x00000007d7500000,0x00000007d7500000,0x00000007dec00000)
  from space 82432K, 97% used [0x00000007e4a00000,0x00000007e9858378,0x00000007e9a80000)
  to   space 96256K, 0% used [0x00000007dec00000,0x00000007dec00000,0x00000007e4a00000)
 ParOldGen       total 281088K, used 167716K [0x0000000786000000, 0x0000000797280000, 0x00000007d7500000)
  object space 281088K, 59% used [0x0000000786000000,0x00000007903c9280,0x0000000797280000)
 PSPermGen       total 47104K, used 21900K [0x000000077ba00000, 0x000000077e800000, 0x0000000786000000)
  object space 47104K, 46% used [0x000000077ba00000,0x000000077cf632a0,0x000000077e800000)
}
Event: 13.818 GC heap before
{Heap before GC invocations=17 (full 2):
 PSYoungGen      total 204288K, used 202080K [0x00000007d7500000, 0x00000007eb700000, 0x0000000800000000)
  eden space 121856K, 100% used [0x00000007d7500000,0x00000007dec00000,0x00000007dec00000)
  from space 82432K, 97% used [0x00000007e4a00000,0x00000007e9858378,0x00000007e9a80000)
  to   space 96256K, 0% used [0x00000007dec00000,0x00000007dec00000,0x00000007e4a00000)
 ParOldGen       total 281088K, used 167716K [0x0000000786000000, 0x0000000797280000, 0x00000007d7500000)
  object space 281088K, 59% used [0x0000000786000000,0x00000007903c9280,0x0000000797280000)
 PSPermGen       total 47104K, used 21905K [0x000000077ba00000, 0x000000077e800000, 0x0000000786000000)
  object space 47104K, 46% used [0x000000077ba00000,0x000000077cf646f8,0x000000077e800000)
Event: 13.843 GC heap after
Heap after GC invocations=17 (full 2):
 PSYoungGen      total 218112K, used 80465K [0x00000007d7500000, 0x00000007ed800000, 0x0000000800000000)
  eden space 121856K, 0% used [0x00000007d7500000,0x00000007d7500000,0x00000007dec00000)
  from space 96256K, 83% used [0x00000007dec00000,0x00000007e3a94578,0x00000007e4a00000)
  to   space 107008K, 0% used [0x00000007e6f80000,0x00000007e6f80000,0x00000007ed800000)
 ParOldGen       total 281088K, used 167716K [0x0000000786000000, 0x0000000797280000, 0x00000007d7500000)
  object space 281088K, 59% used [0x0000000786000000,0x00000007903c9280,0x0000000797280000)
 PSPermGen       total 47104K, used 21905K [0x000000077ba00000, 0x000000077e800000, 0x0000000786000000)
  object space 47104K, 46% used [0x000000077ba00000,0x000000077cf646f8,0x000000077e800000)
}
Event: 13.915 GC heap before
{Heap before GC invocations=18 (full 2):
 PSYoungGen      total 218112K, used 202321K [0x00000007d7500000, 0x00000007ed800000, 0x0000000800000000)
  eden space 121856K, 100% used [0x00000007d7500000,0x00000007dec00000,0x00000007dec00000)
  from space 96256K, 83% used [0x00000007dec00000,0x00000007e3a94578,0x00000007e4a00000)
  to   space 107008K, 0% used [0x00000007e6f80000,0x00000007e6f80000,0x00000007ed800000)
 ParOldGen       total 281088K, used 167716K [0x0000000786000000, 0x0000000797280000, 0x00000007d7500000)
  object space 281088K, 59% used [0x0000000786000000,0x00000007903c9280,0x0000000797280000)
 PSPermGen       total 47104K, used 21913K [0x000000077ba00000, 0x000000077e800000, 0x0000000786000000)
  object space 47104K, 46% used [0x000000077ba00000,0x000000077cf664b0,0x000000077e800000)
Event: 13.937 GC heap after
Heap after GC invocations=18 (full 2):
 PSYoungGen      total 247808K, used 81306K [0x00000007d7500000, 0x00000007eec80000, 0x0000000800000000)
  eden space 140800K, 0% used [0x00000007d7500000,0x00000007d7500000,0x00000007dfe80000)
  from space 107008K, 75% used [0x00000007e6f80000,0x00000007ebee69d0,0x00000007ed800000)
  to   space 115712K, 0% used [0x00000007dfe80000,0x00000007dfe80000,0x00000007e6f80000)
 ParOldGen       total 281088K, used 167716K [0x0000000786000000, 0x0000000797280000, 0x00000007d7500000)
  object space 281088K, 59% used [0x0000000786000000,0x00000007903c9280,0x0000000797280000)
 PSPermGen       total 47104K, used 21913K [0x000000077ba00000, 0x000000077e800000, 0x0000000786000000)
  object space 47104K, 46% used [0x000000077ba00000,0x000000077cf664b0,0x000000077e800000)
}
Event: 14.010 GC heap before
{Heap before GC invocations=19 (full 2):
 PSYoungGen      total 247808K, used 222106K [0x00000007d7500000, 0x00000007eec80000, 0x0000000800000000)
  eden space 140800K, 100% used [0x00000007d7500000,0x00000007dfe80000,0x00000007dfe80000)
  from space 107008K, 75% used [0x00000007e6f80000,0x00000007ebee69d0,0x00000007ed800000)
  to   space 115712K, 0% used [0x00000007dfe80000,0x00000007dfe80000,0x00000007e6f80000)
 ParOldGen       total 281088K, used 167716K [0x0000000786000000, 0x0000000797280000, 0x00000007d7500000)
  object space 281088K, 59% used [0x0000000786000000,0x00000007903c9280,0x0000000797280000)
 PSPermGen       total 47104K, used 21916K [0x000000077ba00000, 0x000000077e800000, 0x0000000786000000)
  object space 47104K, 46% used [0x000000077ba00000,0x000000077cf67380,0x000000077e800000)
Event: 14.031 GC heap after
Heap after GC invocations=19 (full 2):
 PSYoungGen      total 256512K, used 93036K [0x00000007d7500000, 0x00000007f0f80000, 0x0000000800000000)
  eden space 140800K, 0% used [0x00000007d7500000,0x00000007d7500000,0x00000007dfe80000)
  from space 115712K, 80% used [0x00000007dfe80000,0x00000007e595b0a8,0x00000007e6f80000)
  to   space 126976K, 0% used [0x00000007e9380000,0x00000007e9380000,0x00000007f0f80000)
 ParOldGen       total 281088K, used 167716K [0x0000000786000000, 0x0000000797280000, 0x00000007d7500000)
  object space 281088K, 59% used [0x0000000786000000,0x00000007903c9280,0x0000000797280000)
 PSPermGen       total 47104K, used 21916K [0x000000077ba00000, 0x000000077e800000, 0x0000000786000000)
  object space 47104K, 46% used [0x000000077ba00000,0x000000077cf67380,0x000000077e800000)
}
Event: 14.117 GC heap before
{Heap before GC invocations=20 (full 2):
 PSYoungGen      total 256512K, used 233836K [0x00000007d7500000, 0x00000007f0f80000, 0x0000000800000000)
  eden space 140800K, 100% used [0x00000007d7500000,0x00000007dfe80000,0x00000007dfe80000)
  from space 115712K, 80% used [0x00000007dfe80000,0x00000007e595b0a8,0x00000007e6f80000)
  to   space 126976K, 0% used [0x00000007e9380000,0x00000007e9380000,0x00000007f0f80000)
 ParOldGen       total 281088K, used 167716K [0x0000000786000000, 0x0000000797280000, 0x00000007d7500000)
  object space 281088K, 59% used [0x0000000786000000,0x00000007903c9280,0x0000000797280000)
 PSPermGen       total 47104K, used 21927K [0x000000077ba00000, 0x000000077e800000, 0x0000000786000000)
  object space 47104K, 46% used [0x000000077ba00000,0x000000077cf69c08,0x000000077e800000)

