# JRE version: OpenJDK Runtime Environment (7.0_79-b14) (build 1.7.0_79-b14)
# Java VM: OpenJDK 64-Bit Server VM (24.79-b02 mixed mode linux-amd64 compressed oops)
Heap
 PSYoungGen      total 147968K, used 33744K [0x00000007d7500000, 0x00000007e3100000, 0x0000000800000000)
  eden space 108032K, 0% used [0x00000007d7500000,0x00000007d7500000,0x00000007dde80000)
  from space 39936K, 84% used [0x00000007dde80000,0x00000007dff74038,0x00000007e0580000)
  to   space 35328K, 0% used [0x00000007e0580000,0x00000007e0580000,0x00000007e2800000)
 ParOldGen       total 82944K, used 52383K [0x0000000786000000, 0x000000078b100000, 0x00000007d7500000)
  object space 82944K, 63% used [0x0000000786000000,0x0000000789327c68,0x000000078b100000)
 PSPermGen       total 21504K, used 21046K [0x000000077ba00000, 0x000000077cf00000, 0x0000000786000000)
  object space 21504K, 97% used [0x000000077ba00000,0x000000077ce8da38,0x000000077cf00000)
GC Heap History (10 events):
Event: 5.020 GC heap after
Heap after GC invocations=4 (full 0):
 PSYoungGen      total 36864K, used 5117K [0x00000007d7500000, 0x00000007d9e00000, 0x0000000800000000)
  eden space 31744K, 0% used [0x00000007d7500000,0x00000007d7500000,0x00000007d9400000)
  from space 5120K, 99% used [0x00000007d9900000,0x00000007d9dff5e8,0x00000007d9e00000)
  to   space 5120K, 0% used [0x00000007d9400000,0x00000007d9400000,0x00000007d9900000)
 ParOldGen       total 82944K, used 6564K [0x0000000786000000, 0x000000078b100000, 0x00000007d7500000)
  object space 82944K, 7% used [0x0000000786000000,0x0000000786669028,0x000000078b100000)
 PSPermGen       total 21504K, used 20007K [0x000000077ba00000, 0x000000077cf00000, 0x0000000786000000)
  object space 21504K, 93% used [0x000000077ba00000,0x000000077cd89dc8,0x000000077cf00000)
}
Event: 5.298 GC heap before
{Heap before GC invocations=5 (full 0):
 PSYoungGen      total 36864K, used 36861K [0x00000007d7500000, 0x00000007d9e00000, 0x0000000800000000)
  eden space 31744K, 100% used [0x00000007d7500000,0x00000007d9400000,0x00000007d9400000)
  from space 5120K, 99% used [0x00000007d9900000,0x00000007d9dff5e8,0x00000007d9e00000)
  to   space 5120K, 0% used [0x00000007d9400000,0x00000007d9400000,0x00000007d9900000)
 ParOldGen       total 82944K, used 6564K [0x0000000786000000, 0x000000078b100000, 0x00000007d7500000)
  object space 82944K, 7% used [0x0000000786000000,0x0000000786669028,0x000000078b100000)
 PSPermGen       total 21504K, used 20010K [0x000000077ba00000, 0x000000077cf00000, 0x0000000786000000)
  object space 21504K, 93% used [0x000000077ba00000,0x000000077cd8ab18,0x000000077cf00000)
Event: 5.307 GC heap after
Heap after GC invocations=5 (full 0):
 PSYoungGen      total 36864K, used 5103K [0x00000007d7500000, 0x00000007dc600000, 0x0000000800000000)
  eden space 31744K, 0% used [0x00000007d7500000,0x00000007d7500000,0x00000007d9400000)
  from space 5120K, 99% used [0x00000007d9400000,0x00000007d98fbf58,0x00000007d9900000)
  to   space 9728K, 0% used [0x00000007dbc80000,0x00000007dbc80000,0x00000007dc600000)
 ParOldGen       total 82944K, used 8372K [0x0000000786000000, 0x000000078b100000, 0x00000007d7500000)
  object space 82944K, 10% used [0x0000000786000000,0x000000078682d028,0x000000078b100000)
 PSPermGen       total 21504K, used 20010K [0x000000077ba00000, 0x000000077cf00000, 0x0000000786000000)
  object space 21504K, 93% used [0x000000077ba00000,0x000000077cd8ab18,0x000000077cf00000)
}
Event: 5.386 GC heap before
{Heap before GC invocations=6 (full 0):
 PSYoungGen      total 36864K, used 36847K [0x00000007d7500000, 0x00000007dc600000, 0x0000000800000000)
  eden space 31744K, 100% used [0x00000007d7500000,0x00000007d9400000,0x00000007d9400000)
  from space 5120K, 99% used [0x00000007d9400000,0x00000007d98fbf58,0x00000007d9900000)
  to   space 9728K, 0% used [0x00000007dbc80000,0x00000007dbc80000,0x00000007dc600000)
 ParOldGen       total 82944K, used 8372K [0x0000000786000000, 0x000000078b100000, 0x00000007d7500000)
  object space 82944K, 10% used [0x0000000786000000,0x000000078682d028,0x000000078b100000)
 PSPermGen       total 21504K, used 20024K [0x000000077ba00000, 0x000000077cf00000, 0x0000000786000000)
  object space 21504K, 93% used [0x000000077ba00000,0x000000077cd8e090,0x000000077cf00000)
Event: 5.404 GC heap after
Heap after GC invocations=6 (full 0):
 PSYoungGen      total 66048K, used 9697K [0x00000007d7500000, 0x00000007dd400000, 0x0000000800000000)
  eden space 56320K, 0% used [0x00000007d7500000,0x00000007d7500000,0x00000007dac00000)
  from space 9728K, 99% used [0x00000007dbc80000,0x00000007dc5f84a0,0x00000007dc600000)
  to   space 16896K, 0% used [0x00000007dac00000,0x00000007dac00000,0x00000007dbc80000)
 ParOldGen       total 82944K, used 18553K [0x0000000786000000, 0x000000078b100000, 0x00000007d7500000)
  object space 82944K, 22% used [0x0000000786000000,0x000000078721e7c0,0x000000078b100000)
 PSPermGen       total 21504K, used 20024K [0x000000077ba00000, 0x000000077cf00000, 0x0000000786000000)
  object space 21504K, 93% used [0x000000077ba00000,0x000000077cd8e090,0x000000077cf00000)
}
Event: 5.519 GC heap before
{Heap before GC invocations=7 (full 0):
 PSYoungGen      total 66048K, used 66017K [0x00000007d7500000, 0x00000007dd400000, 0x0000000800000000)
  eden space 56320K, 100% used [0x00000007d7500000,0x00000007dac00000,0x00000007dac00000)
  from space 9728K, 99% used [0x00000007dbc80000,0x00000007dc5f84a0,0x00000007dc600000)
  to   space 16896K, 0% used [0x00000007dac00000,0x00000007dac00000,0x00000007dbc80000)
 ParOldGen       total 82944K, used 18553K [0x0000000786000000, 0x000000078b100000, 0x00000007d7500000)
  object space 82944K, 22% used [0x0000000786000000,0x000000078721e7c0,0x000000078b100000)
 PSPermGen       total 21504K, used 20043K [0x000000077ba00000, 0x000000077cf00000, 0x0000000786000000)
  object space 21504K, 93% used [0x000000077ba00000,0x000000077cd92d38,0x000000077cf00000)
Event: 5.566 GC heap after
Heap after GC invocations=7 (full 0):
 PSYoungGen      total 73216K, used 16896K [0x00000007d7500000, 0x00000007e2800000, 0x0000000800000000)
  eden space 56320K, 0% used [0x00000007d7500000,0x00000007d7500000,0x00000007dac00000)
  from space 16896K, 100% used [0x00000007dac00000,0x00000007dbc80000,0x00000007dbc80000)
  to   space 35328K, 0% used [0x00000007e0580000,0x00000007e0580000,0x00000007e2800000)
 ParOldGen       total 82944K, used 49792K [0x0000000786000000, 0x000000078b100000, 0x00000007d7500000)
  object space 82944K, 60% used [0x0000000786000000,0x00000007890a03a8,0x000000078b100000)
 PSPermGen       total 21504K, used 20043K [0x000000077ba00000, 0x000000077cf00000, 0x0000000786000000)
  object space 21504K, 93% used [0x000000077ba00000,0x000000077cd92d38,0x000000077cf00000)
}
Event: 6.175 GC heap before
{Heap before GC invocations=8 (full 0):
 PSYoungGen      total 73216K, used 73216K [0x00000007d7500000, 0x00000007e2800000, 0x0000000800000000)
  eden space 56320K, 100% used [0x00000007d7500000,0x00000007dac00000,0x00000007dac00000)
  from space 16896K, 100% used [0x00000007dac00000,0x00000007dbc80000,0x00000007dbc80000)
  to   space 35328K, 0% used [0x00000007e0580000,0x00000007e0580000,0x00000007e2800000)
 ParOldGen       total 82944K, used 49792K [0x0000000786000000, 0x000000078b100000, 0x00000007d7500000)
  object space 82944K, 60% used [0x0000000786000000,0x00000007890a03a8,0x000000078b100000)
 PSPermGen       total 21504K, used 20300K [0x000000077ba00000, 0x000000077cf00000, 0x0000000786000000)
  object space 21504K, 94% used [0x000000077ba00000,0x000000077cdd31e8,0x000000077cf00000)
Event: 6.243 GC heap after
Heap after GC invocations=8 (full 0):
 PSYoungGen      total 143360K, used 30742K [0x00000007d7500000, 0x00000007e3100000, 0x0000000800000000)
  eden space 108032K, 0% used [0x00000007d7500000,0x00000007d7500000,0x00000007dde80000)
  from space 35328K, 87% used [0x00000007e0580000,0x00000007e2385b30,0x00000007e2800000)
  to   space 39936K, 0% used [0x00000007dde80000,0x00000007dde80000,0x00000007e0580000)
 ParOldGen       total 82944K, used 51175K [0x0000000786000000, 0x000000078b100000, 0x00000007d7500000)
  object space 82944K, 61% used [0x0000000786000000,0x00000007891f9c68,0x000000078b100000)
 PSPermGen       total 21504K, used 20300K [0x000000077ba00000, 0x000000077cf00000, 0x0000000786000000)
  object space 21504K, 94% used [0x000000077ba00000,0x000000077cdd31e8,0x000000077cf00000)
}
Event: 7.236 GC heap before
{Heap before GC invocations=9 (full 0):
 PSYoungGen      total 143360K, used 138774K [0x00000007d7500000, 0x00000007e3100000, 0x0000000800000000)
  eden space 108032K, 100% used [0x00000007d7500000,0x00000007dde80000,0x00000007dde80000)
  from space 35328K, 87% used [0x00000007e0580000,0x00000007e2385b30,0x00000007e2800000)
  to   space 39936K, 0% used [0x00000007dde80000,0x00000007dde80000,0x00000007e0580000)
 ParOldGen       total 82944K, used 51175K [0x0000000786000000, 0x000000078b100000, 0x00000007d7500000)
  object space 82944K, 61% used [0x0000000786000000,0x00000007891f9c68,0x000000078b100000)
 PSPermGen       total 21504K, used 21046K [0x000000077ba00000, 0x000000077cf00000, 0x0000000786000000)
  object space 21504K, 97% used [0x000000077ba00000,0x000000077ce8da38,0x000000077cf00000)

